#-----------------------------------------------------------
# Vivado v2018.3 (64-bit)
# SW Build 2405991 on Thu Dec  6 23:38:27 MST 2018
# IP Build 2404404 on Fri Dec  7 01:43:56 MST 2018
# Start of session at: Wed Feb  5 02:43:20 2020
# Process ID: 5572
# Current directory: C:/Users/PikesPlace/Google Drive/TTU/Spring 2020/Microprocessor Arch/BradW_HW2_ECE_4375
# Command line: vivado.exe -gui_launcher_event rodinguilauncherevent14852 C:\Users\PikesPlace\Google Drive\TTU\Spring 2020\Microprocessor Arch\BradW_HW2_ECE_4375\BradW_HW2_ECE_4375.xpr
# Log file: C:/Users/PikesPlace/Google Drive/TTU/Spring 2020/Microprocessor Arch/BradW_HW2_ECE_4375/vivado.log
# Journal file: C:/Users/PikesPlace/Google Drive/TTU/Spring 2020/Microprocessor Arch/BradW_HW2_ECE_4375\vivado.jou
#-----------------------------------------------------------
start_gui
open_project {C:/Users/PikesPlace/Google Drive/TTU/Spring 2020/Microprocessor Arch/BradW_HW2_ECE_4375/BradW_HW2_ECE_4375.xpr}
INFO: [ProjectBase 1-489] The host OS only allows 260 characters in a normal path. The project is stored in a path with more than 80 characters. If you experience issues with IP, Block Designs, or files not being found, please consider moving the project to a location with a shorter path. Alternately consider using the OS subst command to map part of the path to a drive letter.
Current project path is 'C:/Users/PikesPlace/Google Drive/TTU/Spring 2020/Microprocessor Arch/BradW_HW2_ECE_4375'
INFO: [Project 1-313] Project file moved from 'C:/Users/bradw/Documents/vivado_rework/vivado_rework/BradW_HW2_ECE_4375' since last save.
Scanning sources...
Finished scanning sources
INFO: [IP_Flow 19-234] Refreshing IP repositories
INFO: [IP_Flow 19-1704] No user IP repositories specified
INFO: [IP_Flow 19-2313] Loaded Vivado IP repository 'C:/Xilinx/Vivado/2018.3/data/ip'.
open_project: Time (s): cpu = 00:00:12 ; elapsed = 00:00:07 . Memory (MB): peak = 696.523 ; gain = 106.254
update_compile_order -fileset sources_1
reset_run synth_1
launch_runs synth_1 -jobs 2
[Wed Feb  5 02:56:59 2020] Launched synth_1...
Run output will be captured here: C:/Users/PikesPlace/Google Drive/TTU/Spring 2020/Microprocessor Arch/BradW_HW2_ECE_4375/BradW_HW2_ECE_4375.runs/synth_1/runme.log
launch_simulation
INFO: [Vivado 12-5682] Launching behavioral simulation in 'C:/Users/PikesPlace/Google Drive/TTU/Spring 2020/Microprocessor Arch/BradW_HW2_ECE_4375/BradW_HW2_ECE_4375.sim/sim_1/behav/xsim'
INFO: [SIM-utils-51] Simulation object is 'sim_1'
INFO: [SIM-utils-54] Inspecting design source files for 'Function_Unit_TB' in fileset 'sim_1'...
INFO: [USF-XSim-97] Finding global include files...
INFO: [USF-XSim-98] Fetching design files from 'sim_1'...
INFO: [USF-XSim-2] XSim::Compile design
INFO: [USF-XSim-61] Executing 'COMPILE and ANALYZE' step in 'C:/Users/PikesPlace/Google Drive/TTU/Spring 2020/Microprocessor Arch/BradW_HW2_ECE_4375/BradW_HW2_ECE_4375.sim/sim_1/behav/xsim'
"xvlog --incr --relax -prj Function_Unit_TB_vlog.prj"
INFO: [VRFC 10-2263] Analyzing Verilog file "C:/Users/PikesPlace/Google Drive/TTU/Spring 2020/Microprocessor Arch/BradW_HW2_ECE_4375/BradW_HW2_ECE_4375.srcs/sources_1/new/ALU.v" into library xil_defaultlib
INFO: [VRFC 10-311] analyzing module ALU
INFO: [VRFC 10-2263] Analyzing Verilog file "C:/Users/PikesPlace/Google Drive/TTU/Spring 2020/Microprocessor Arch/BradW_HW2_ECE_4375/BradW_HW2_ECE_4375.srcs/sources_1/new/Function_Unit.v" into library xil_defaultlib
INFO: [VRFC 10-311] analyzing module Function_Unit
INFO: [VRFC 10-2263] Analyzing Verilog file "C:/Users/PikesPlace/Google Drive/TTU/Spring 2020/Microprocessor Arch/BradW_HW2_ECE_4375/BradW_HW2_ECE_4375.srcs/sources_1/new/MUX.v" into library xil_defaultlib
INFO: [VRFC 10-311] analyzing module MUX
INFO: [VRFC 10-2263] Analyzing Verilog file "C:/Users/PikesPlace/Google Drive/TTU/Spring 2020/Microprocessor Arch/BradW_HW2_ECE_4375/BradW_HW2_ECE_4375.srcs/sources_1/new/Shifter.v" into library xil_defaultlib
INFO: [VRFC 10-311] analyzing module Shifter
INFO: [VRFC 10-2263] Analyzing Verilog file "C:/Users/PikesPlace/Google Drive/TTU/Spring 2020/Microprocessor Arch/BradW_HW2_ECE_4375/BradW_HW2_ECE_4375.srcs/sim_1/new/Function_Unit_TB.v" into library xil_defaultlib
INFO: [VRFC 10-311] analyzing module Function_Unit_TB
INFO: [VRFC 10-2263] Analyzing Verilog file "C:/Users/PikesPlace/Google Drive/TTU/Spring 2020/Microprocessor Arch/BradW_HW2_ECE_4375/BradW_HW2_ECE_4375.sim/sim_1/behav/xsim/glbl.v" into library xil_defaultlib
INFO: [VRFC 10-311] analyzing module glbl
INFO: [USF-XSim-69] 'compile' step finished in '2' seconds
INFO: [USF-XSim-3] XSim::Elaborate design
INFO: [USF-XSim-61] Executing 'ELABORATE' step in 'C:/Users/PikesPlace/Google Drive/TTU/Spring 2020/Microprocessor Arch/BradW_HW2_ECE_4375/BradW_HW2_ECE_4375.sim/sim_1/behav/xsim'
Vivado Simulator 2018.3
Copyright 1986-1999, 2001-2018 Xilinx, Inc. All Rights Reserved.
Running: C:/Xilinx/Vivado/2018.3/bin/unwrapped/win64.o/xelab.exe -wto fb967118f65d47f1a12643aa28afd7e2 --incr --debug typical --relax --mt 2 -L xil_defaultlib -L unisims_ver -L unimacro_ver -L secureip --snapshot Function_Unit_TB_behav xil_defaultlib.Function_Unit_TB xil_defaultlib.glbl -log elaborate.log 
Using 2 slave threads.
Starting static elaboration
WARNING: [VRFC 10-3091] actual bit length 2 differs from formal bit length 1 for port 'MF_SEL' [C:/Users/PikesPlace/Google Drive/TTU/Spring 2020/Microprocessor Arch/BradW_HW2_ECE_4375/BradW_HW2_ECE_4375.srcs/sim_1/new/Function_Unit_TB.v:47]
Completed static elaboration
Starting simulation data flow analysis
Completed simulation data flow analysis
Time Resolution for simulation is 1ps
Compiling module xil_defaultlib.ALU
Compiling module xil_defaultlib.Shifter
Compiling module xil_defaultlib.MUX
Compiling module xil_defaultlib.Function_Unit
Compiling module xil_defaultlib.Function_Unit_TB
Compiling module xil_defaultlib.glbl
Built simulation snapshot Function_Unit_TB_behav
INFO: [USF-XSim-69] 'elaborate' step finished in '2' seconds
INFO: [USF-XSim-4] XSim::Simulate design
INFO: [USF-XSim-61] Executing 'SIMULATE' step in 'C:/Users/PikesPlace/Google Drive/TTU/Spring 2020/Microprocessor Arch/BradW_HW2_ECE_4375/BradW_HW2_ECE_4375.sim/sim_1/behav/xsim'
INFO: [USF-XSim-98] *** Running xsim
   with args "Function_Unit_TB_behav -key {Behavioral:sim_1:Functional:Function_Unit_TB} -tclbatch {Function_Unit_TB.tcl} -log {simulate.log}"
INFO: [USF-XSim-8] Loading simulator feature
Vivado Simulator 2018.3
Time resolution is 1 ps
source Function_Unit_TB.tcl
# set curr_wave [current_wave_config]
# if { [string length $curr_wave] == 0 } {
#   if { [llength [get_objects]] > 0} {
#     add_wave /
#     set_property needs_save false [current_wave_config]
#   } else {
#      send_msg_id Add_Wave-1 WARNING "No top level signals found. Simulator will start without a wave window. If you want to open a wave window go to 'File->New Waveform Configuration' or type 'create_wave_config' in the TCL console."
#   }
# }
# run 1000ns
INFO: [USF-XSim-96] XSim completed. Design snapshot 'Function_Unit_TB_behav' loaded.
INFO: [USF-XSim-97] XSim simulation ran for 1000ns
launch_simulation: Time (s): cpu = 00:00:07 ; elapsed = 00:00:10 . Memory (MB): peak = 743.008 ; gain = 20.090
run all
create_wave_config; add_wave /; set_property needs_save false [current_wave_config]
create_wave_config; add_wave /; set_property needs_save false [current_wave_config]
create_wave_config; add_wave /; set_property needs_save false [current_wave_config]
WARNING: [filemgmt 56-199] Attempt to get parsing info during refresh. "On-the-fly" syntax checking information may be incorrect. [C:/Users/PikesPlace/Google Drive/TTU/Spring 2020/Microprocessor Arch/BradW_HW2_ECE_4375/BradW_HW2_ECE_4375.srcs/sources_1/new/ALU.v:]
WARNING: [filemgmt 56-199] Attempt to get parsing info during refresh. "On-the-fly" syntax checking information may be incorrect. [C:/Users/PikesPlace/Google Drive/TTU/Spring 2020/Microprocessor Arch/BradW_HW2_ECE_4375/BradW_HW2_ECE_4375.srcs/sources_1/new/Function_Unit.v:]
WARNING: [filemgmt 56-199] Attempt to get parsing info during refresh. "On-the-fly" syntax checking information may be incorrect. [C:/Users/PikesPlace/Google Drive/TTU/Spring 2020/Microprocessor Arch/BradW_HW2_ECE_4375/BradW_HW2_ECE_4375.srcs/sources_1/new/MUX.v:]
WARNING: [filemgmt 56-199] Attempt to get parsing info during refresh. "On-the-fly" syntax checking information may be incorrect. [C:/Users/PikesPlace/Google Drive/TTU/Spring 2020/Microprocessor Arch/BradW_HW2_ECE_4375/BradW_HW2_ECE_4375.srcs/sim_1/new/Function_Unit_TB.v:]
WARNING: [filemgmt 56-199] Attempt to get parsing info during refresh. "On-the-fly" syntax checking information may be incorrect. [C:/Users/PikesPlace/Google Drive/TTU/Spring 2020/Microprocessor Arch/BradW_HW2_ECE_4375/BradW_HW2_ECE_4375.srcs/sources_1/new/Shifter.v:]
WARNING: [filemgmt 56-199] Attempt to get parsing info during refresh. "On-the-fly" syntax checking information may be incorrect. [C:/Users/PikesPlace/Google Drive/TTU/Spring 2020/Microprocessor Arch/BradW_HW2_ECE_4375/BradW_HW2_ECE_4375.srcs/sources_1/new/ALU.v:]
WARNING: [filemgmt 56-199] Attempt to get parsing info during refresh. "On-the-fly" syntax checking information may be incorrect. [C:/Users/PikesPlace/Google Drive/TTU/Spring 2020/Microprocessor Arch/BradW_HW2_ECE_4375/BradW_HW2_ECE_4375.srcs/sources_1/new/Function_Unit.v:]
WARNING: [filemgmt 56-199] Attempt to get parsing info during refresh. "On-the-fly" syntax checking information may be incorrect. [C:/Users/PikesPlace/Google Drive/TTU/Spring 2020/Microprocessor Arch/BradW_HW2_ECE_4375/BradW_HW2_ECE_4375.srcs/sources_1/new/MUX.v:]
WARNING: [filemgmt 56-199] Attempt to get parsing info during refresh. "On-the-fly" syntax checking information may be incorrect. [C:/Users/PikesPlace/Google Drive/TTU/Spring 2020/Microprocessor Arch/BradW_HW2_ECE_4375/BradW_HW2_ECE_4375.srcs/sim_1/new/Function_Unit_TB.v:]
WARNING: [filemgmt 56-199] Attempt to get parsing info during refresh. "On-the-fly" syntax checking information may be incorrect. [C:/Users/PikesPlace/Google Drive/TTU/Spring 2020/Microprocessor Arch/BradW_HW2_ECE_4375/BradW_HW2_ECE_4375.srcs/sources_1/new/Shifter.v:]
WARNING: [filemgmt 56-199] Attempt to get parsing info during refresh. "On-the-fly" syntax checking information may be incorrect. [C:/Users/PikesPlace/Google Drive/TTU/Spring 2020/Microprocessor Arch/BradW_HW2_ECE_4375/BradW_HW2_ECE_4375.srcs/sources_1/new/ALU.v:]
WARNING: [filemgmt 56-199] Attempt to get parsing info during refresh. "On-the-fly" syntax checking information may be incorrect. [C:/Users/PikesPlace/Google Drive/TTU/Spring 2020/Microprocessor Arch/BradW_HW2_ECE_4375/BradW_HW2_ECE_4375.srcs/sources_1/new/Function_Unit.v:]
WARNING: [filemgmt 56-199] Attempt to get parsing info during refresh. "On-the-fly" syntax checking information may be incorrect. [C:/Users/PikesPlace/Google Drive/TTU/Spring 2020/Microprocessor Arch/BradW_HW2_ECE_4375/BradW_HW2_ECE_4375.srcs/sources_1/new/MUX.v:]
WARNING: [filemgmt 56-199] Attempt to get parsing info during refresh. "On-the-fly" syntax checking information may be incorrect. [C:/Users/PikesPlace/Google Drive/TTU/Spring 2020/Microprocessor Arch/BradW_HW2_ECE_4375/BradW_HW2_ECE_4375.srcs/sim_1/new/Function_Unit_TB.v:]
WARNING: [filemgmt 56-199] Attempt to get parsing info during refresh. "On-the-fly" syntax checking information may be incorrect. [C:/Users/PikesPlace/Google Drive/TTU/Spring 2020/Microprocessor Arch/BradW_HW2_ECE_4375/BradW_HW2_ECE_4375.srcs/sources_1/new/Shifter.v:]
WARNING: [filemgmt 56-199] Attempt to get parsing info during refresh. "On-the-fly" syntax checking information may be incorrect. [C:/Users/PikesPlace/Google Drive/TTU/Spring 2020/Microprocessor Arch/BradW_HW2_ECE_4375/BradW_HW2_ECE_4375.srcs/sources_1/new/ALU.v:]
WARNING: [filemgmt 56-199] Attempt to get parsing info during refresh. "On-the-fly" syntax checking information may be incorrect. [C:/Users/PikesPlace/Google Drive/TTU/Spring 2020/Microprocessor Arch/BradW_HW2_ECE_4375/BradW_HW2_ECE_4375.srcs/sources_1/new/Function_Unit.v:]
WARNING: [filemgmt 56-199] Attempt to get parsing info during refresh. "On-the-fly" syntax checking information may be incorrect. [C:/Users/PikesPlace/Google Drive/TTU/Spring 2020/Microprocessor Arch/BradW_HW2_ECE_4375/BradW_HW2_ECE_4375.srcs/sources_1/new/MUX.v:]
WARNING: [filemgmt 56-199] Attempt to get parsing info during refresh. "On-the-fly" syntax checking information may be incorrect. [C:/Users/PikesPlace/Google Drive/TTU/Spring 2020/Microprocessor Arch/BradW_HW2_ECE_4375/BradW_HW2_ECE_4375.srcs/sim_1/new/Function_Unit_TB.v:]
WARNING: [filemgmt 56-199] Attempt to get parsing info during refresh. "On-the-fly" syntax checking information may be incorrect. [C:/Users/PikesPlace/Google Drive/TTU/Spring 2020/Microprocessor Arch/BradW_HW2_ECE_4375/BradW_HW2_ECE_4375.srcs/sources_1/new/Shifter.v:]
ERROR: [Common 17-180] Spawn failed: No error
create_wave_config; add_wave /; set_property needs_save false [current_wave_config]
close_sim
INFO: [Simtcl 6-16] Simulation closed
launch_simulation
INFO: [Vivado 12-5682] Launching behavioral simulation in 'C:/Users/PikesPlace/Google Drive/TTU/Spring 2020/Microprocessor Arch/BradW_HW2_ECE_4375/BradW_HW2_ECE_4375.sim/sim_1/behav/xsim'
INFO: [SIM-utils-51] Simulation object is 'sim_1'
INFO: [SIM-utils-54] Inspecting design source files for 'Function_Unit_TB' in fileset 'sim_1'...
INFO: [USF-XSim-97] Finding global include files...
INFO: [USF-XSim-98] Fetching design files from 'sim_1'...
INFO: [USF-XSim-2] XSim::Compile design
INFO: [USF-XSim-61] Executing 'COMPILE and ANALYZE' step in 'C:/Users/PikesPlace/Google Drive/TTU/Spring 2020/Microprocessor Arch/BradW_HW2_ECE_4375/BradW_HW2_ECE_4375.sim/sim_1/behav/xsim'
"xvlog --incr --relax -prj Function_Unit_TB_vlog.prj"
INFO: [USF-XSim-69] 'compile' step finished in '1' seconds
INFO: [USF-XSim-3] XSim::Elaborate design
INFO: [USF-XSim-61] Executing 'ELABORATE' step in 'C:/Users/PikesPlace/Google Drive/TTU/Spring 2020/Microprocessor Arch/BradW_HW2_ECE_4375/BradW_HW2_ECE_4375.sim/sim_1/behav/xsim'
Vivado Simulator 2018.3
Copyright 1986-1999, 2001-2018 Xilinx, Inc. All Rights Reserved.
Running: C:/Xilinx/Vivado/2018.3/bin/unwrapped/win64.o/xelab.exe -wto fb967118f65d47f1a12643aa28afd7e2 --incr --debug typical --relax --mt 2 -L xil_defaultlib -L unisims_ver -L unimacro_ver -L secureip --snapshot Function_Unit_TB_behav xil_defaultlib.Function_Unit_TB xil_defaultlib.glbl -log elaborate.log 
Using 2 slave threads.
Starting static elaboration
WARNING: [VRFC 10-3091] actual bit length 2 differs from formal bit length 1 for port 'MF_SEL' [C:/Users/PikesPlace/Google Drive/TTU/Spring 2020/Microprocessor Arch/BradW_HW2_ECE_4375/BradW_HW2_ECE_4375.srcs/sim_1/new/Function_Unit_TB.v:47]
Completed static elaboration
INFO: [XSIM 43-4323] No Change in HDL. Linking previously generated obj files to create kernel
INFO: [USF-XSim-69] 'elaborate' step finished in '2' seconds
INFO: [USF-XSim-4] XSim::Simulate design
INFO: [USF-XSim-61] Executing 'SIMULATE' step in 'C:/Users/PikesPlace/Google Drive/TTU/Spring 2020/Microprocessor Arch/BradW_HW2_ECE_4375/BradW_HW2_ECE_4375.sim/sim_1/behav/xsim'
INFO: [USF-XSim-98] *** Running xsim
   with args "Function_Unit_TB_behav -key {Behavioral:sim_1:Functional:Function_Unit_TB} -tclbatch {Function_Unit_TB.tcl} -log {simulate.log}"
INFO: [USF-XSim-8] Loading simulator feature
Vivado Simulator 2018.3
Time resolution is 1 ps
source Function_Unit_TB.tcl
# set curr_wave [current_wave_config]
# if { [string length $curr_wave] == 0 } {
#   if { [llength [get_objects]] > 0} {
#     add_wave /
#     set_property needs_save false [current_wave_config]
#   } else {
#      send_msg_id Add_Wave-1 WARNING "No top level signals found. Simulator will start without a wave window. If you want to open a wave window go to 'File->New Waveform Configuration' or type 'create_wave_config' in the TCL console."
#   }
# }
# run 1000ns
INFO: [USF-XSim-96] XSim completed. Design snapshot 'Function_Unit_TB_behav' loaded.
INFO: [USF-XSim-97] XSim simulation ran for 1000ns
run all
close_sim
INFO: [Simtcl 6-16] Simulation closed
exit
INFO: [Common 17-206] Exiting Vivado at Wed Feb  5 03:19:12 2020...
