#
# A fatal error has been detected by the Java Runtime Environment:
#
#  EXCEPTION_ACCESS_VIOLATION (0xc0000005) at pc=0x00007ffa8d960735, pid=19412, tid=16692
#
# JRE version: Java(TM) SE Runtime Environment (9.0+11) (build 9.0.4+11)
# Java VM: Java HotSpot(TM) 64-Bit Server VM (9.0.4+11, mixed mode, tiered, compressed oops, g1 gc, windows-amd64)
# Problematic frame:
# C  [librdi_tcltasks.dll+0xb0735]
#
# No core dump will be written. Minidumps are not enabled by default on client versions of Windows
#
# If you would like to submit a bug report, please visit:
#   http://bugreport.java.com/bugreport/crash.jsp
# The crash happened outside the Java Virtual Machine in native code.
# See problematic frame for where to report the bug.
#

---------------  S U M M A R Y ------------

Command Line: -Dsun.java2d.pmoffscreen=false -Dsun.java2d.xrender=false -Dsun.java2d.d3d=false -Dsun.awt.nopixfmt=true -Dsun.java2d.dpiaware=true -Dsun.java2d.uiScale.enabled=false -Xverify:none -Dswing.aatext=true -XX:-UsePerfData -Djdk.map.althashing.threshold=512 -XX:StringTableSize=4072 --add-opens=java.base/java.nio=ALL-UNNAMED --add-opens=java.desktop/sun.swing=ALL-UNNAMED --add-opens=java.desktop/javax.swing=ALL-UNNAMED --add-opens=java.desktop/javax.swing.tree=ALL-UNNAMED --add-opens=java.desktop/javax.swing.plaf.basic=ALL-UNNAMED --add-opens=java.desktop/javax.swing.plaf.synth=ALL-UNNAMED --add-opens=java.desktop/com.sun.awt=ALL-UNNAMED -XX:NewSize=60m -XX:MaxNewSize=60m -Xms128m -Xmx3072m -Xss5m 

Host: Intel(R) Core(TM) i5-4690K CPU @ 3.50GHz, 4 cores, 15G,  Windows 10 , 64 bit Build 18362 (10.0.18362.778)
Time: Fri Apr 24 04:28:07 2020 Central Daylight Time elapsed time: 314 seconds (0d 0h 5m 14s)

---------------  T H R E A D  ---------------

Current thread (0x0000014346885000):  JavaThread "AWT-EventQueue-1" [_thread_in_native, id=16692, stack(0x00000030ee800000,0x00000030eed00000)]

Stack: [0x00000030ee800000,0x00000030eed00000],  sp=0x00000030eecfc870,  free space=5106k
Native frames: (J=compiled Java code, j=interpreted, Vv=VM code, C=native code)

Java frames: (J=compiled Java code, j=interpreted, Vv=VM code)
j  ui.frmwork.property.createSpecIter(J)J+0
j  ui.data.bv.b(Lui/data/common/J;)Lui/data/common/h;+13
j  ui.views.I.z.dq(Ljava/lang/Object;)Ljava/util/List;+18
j  ui.views.H.ak.dq(Ljava/lang/Object;)Ljava/util/List;+6
j  ui.views.I.k.f(Lui/data/common/J;)V+116
j  ui.views.I.d.f(Lui/data/common/J;)V+13
j  ui.views.I.C.f(Lui/data/common/J;)V+13
j  ui.views.I.u.f(Lui/data/common/J;)V+65
j  ui.b.c.bk.e(Lui/data/common/J;)V+97
j  ui.b.c.bk.cHp()V+13
j  ui.b.c.bk$$Lambda$260.run()V+4
J 16740 c2 java.awt.EventQueue$3.run()Ljava/lang/Object; java.desktop@9.0.4 (5 bytes) @ 0x0000014334975f74 [0x0000014334975a00+0x0000000000000574]
v  ~StubRoutines::call_stub
J 4279  java.security.AccessController.doPrivileged(Ljava/security/PrivilegedAction;Ljava/security/AccessControlContext;)Ljava/lang/Object; java.base@9.0.4 (0 bytes) @ 0x0000014334693c46 [0x0000014334693be0+0x0000000000000066]
J 13941 c2 java.awt.EventQueue.dispatchEvent(Ljava/awt/AWTEvent;)V java.desktop@9.0.4 (80 bytes) @ 0x0000014334f5a698 [0x0000014334f5a140+0x0000000000000558]
J 17085 c2 java.awt.EventDispatchThread.pumpOneEventForFilters(I)V java.desktop@9.0.4 (218 bytes) @ 0x000001433516b81c [0x000001433516ad60+0x0000000000000abc]
J 18586% c2 java.awt.EventDispatchThread.pumpEventsForFilter(ILjava/awt/Conditional;Ljava/awt/EventFilter;)V java.desktop@9.0.4 (47 bytes) @ 0x0000014335726a40 [0x0000014335726940+0x0000000000000100]
j  java.awt.EventDispatchThread.pumpEventsForHierarchy(ILjava/awt/Conditional;Ljava/awt/Component;)V+11 java.desktop@9.0.4
j  java.awt.EventDispatchThread.pumpEvents(ILjava/awt/Conditional;)V+4 java.desktop@9.0.4
j  java.awt.EventDispatchThread.pumpEvents(Ljava/awt/Conditional;)V+3 java.desktop@9.0.4
j  java.awt.EventDispatchThread.run()V+9 java.desktop@9.0.4
v  ~StubRoutines::call_stub

siginfo: EXCEPTION_ACCESS_VIOLATION (0xc0000005), reading address 0x0000000000000050


Register to memory mapping:

RIP=0x00007ffa8d960735 librdi_tcltasks.dll
RAX=0x0000000000000040 is an unknown value
RBX=0x00000143492192a0 is an unknown value
RCX=0x00000030eecfc8c0 is pointing into the stack for thread: 0x0000014346885000
RDX=0x0000000000000040 is an unknown value
RSP=0x00000030eecfc870 is pointing into the stack for thread: 0x0000014346885000
RBP=0x0000000000000000 is an unknown value
RSI=0x0000000000000000 is an unknown value
RDI=0x0000014324042ba0 is an unknown value
R8 =0x0000000000000000 is an unknown value
R9 =0xffffffffffffffff is an unknown value
R10=0x000001432432dae8 is an unknown value
R11=0x00000030eecfc958 is pointing into the stack for thread: 0x0000014346885000
R12=0x00000030eecfce08 is pointing into the stack for thread: 0x0000014346885000
R13=0x00000030eecfce58 is pointing into the stack for thread: 0x0000014346885000
R14=0xffffffffffffffff is an unknown value
R15=0x000001434a816930 is an unknown value


Registers:
RAX=0x0000000000000040, RBX=0x00000143492192a0, RCX=0x00000030eecfc8c0, RDX=0x0000000000000040
RSP=0x00000030eecfc870, RBP=0x0000000000000000, RSI=0x0000000000000000, RDI=0x0000014324042ba0
R8 =0x0000000000000000, R9 =0xffffffffffffffff, R10=0x000001432432dae8, R11=0x00000030eecfc958
R12=0x00000030eecfce08, R13=0x00000030eecfce58, R14=0xffffffffffffffff, R15=0x000001434a816930
RIP=0x00007ffa8d960735, EFLAGS=0x0000000000010202

Top of Stack: (sp=0x00000030eecfc870)
0x00000030eecfc870:   000001434a816930 0000000000000000
0x00000030eecfc880:   00000030eecfce58 00000030eecfce08
0x00000030eecfc890:   ffffffffffffffff 00007ffa8dfe5944
0x00000030eecfc8a0:   00000143492192a0 0000000000000000
0x00000030eecfc8b0:   0000014324042ba0 00007ffb09e407bd
0x00000030eecfc8c0:   0000000000000000 00007ffaca0d3cc5
0x00000030eecfc8d0:   0000000000000000 000000000000000f
0x00000030eecfc8e0:   0000b49a450210aa 0000000000000020
0x00000030eecfc8f0:   00000143492192a0 00007ffac9be601d
0x00000030eecfc900:   ffffffffffffffff 00007ffac9be2ca7
0x00000030eecfc910:   00000030eecfc988 ffffffffffffffff
0x00000030eecfc920:   fffffffffffffffe 00007ffab38799e5
0x00000030eecfc930:   0000014300000001 fffffffffffffffe
0x00000030eecfc940:   000001432432dae0 0000014324043140
0x00000030eecfc950:   0000014324042ba0 00007ffac9be406d
0x00000030eecfc960:   00000143492192a0 00000030eecfc988 

Instructions: (pc=0x00007ffa8d960735)
0x00007ffa8d960715:   74 24 78 48 83 c4 50 5f c3 cc cc 48 89 5c 24 08
0x00007ffa8d960725:   48 89 74 24 10 48 89 7c 24 18 41 56 48 83 ec 20
0x00007ffa8d960735:   48 8b 42 10 49 8b f9 4d 8b f0 48 8b f2 48 8b d9
0x00007ffa8d960745:   49 3b c0 73 0e 48 8d 0d e7 0e 60 01 ff 15 31 ee 



---------------  P R O C E S S  ---------------

Java Threads: ( => current thread )
  0x0000014351bb9000 JavaThread "SyntheticaAnimation 50" daemon [_thread_blocked, id=1612, stack(0x00000030ed900000,0x00000030ede00000)]
  0x000001434a571800 JavaThread "SyntheticaAnimation 50" daemon [_thread_blocked, id=16056, stack(0x00000030f2e00000,0x00000030f3300000)]
  0x00000143465f6000 JavaThread "hw_ila_monitor" [_thread_blocked, id=11444, stack(0x00000030ef700000,0x00000030efc00000)]
  0x00000143465f8800 JavaThread "Update Runs Swing Worker" [_thread_blocked, id=23824, stack(0x00000030f1d00000,0x00000030f2200000)]
  0x000001434a1af000 JavaThread "Refresh Filesets Swing Worker" [_thread_blocked, id=11340, stack(0x00000030efc00000,0x00000030f0100000)]
  0x000001434a1a9800 JavaThread "SyntheticaAnimation 70" daemon [_thread_blocked, id=10708, stack(0x00000030eed00000,0x00000030ef200000)]
  0x000001434a1ac000 JavaThread "SyntheticaAnimation 25" daemon [_thread_blocked, id=18780, stack(0x00000030f1300000,0x00000030f1800000)]
  0x000001434a1ab000 JavaThread "SyntheticaAnimation 50" daemon [_thread_blocked, id=1424, stack(0x00000030f0e00000,0x00000030f1300000)]
  0x000001434a1aa800 JavaThread "Monitor HEventQueue" [_thread_blocked, id=15980, stack(0x00000030f0900000,0x00000030f0e00000)]
  0x000001434a1b0800 JavaThread "Batik CleanerThread" daemon [_thread_blocked, id=22372, stack(0x00000030f0100000,0x00000030f0600000)]
  0x000001434a1ae000 JavaThread "Image Animator 2" daemon [_thread_blocked, id=25820, stack(0x00000030ef200000,0x00000030ef700000)]
  0x000001434a1ac800 JavaThread "SyntheticaCleanerThread" daemon [_thread_blocked, id=1944, stack(0x00000030ede00000,0x00000030ee300000)]
=>0x0000014346885000 JavaThread "AWT-EventQueue-1" [_thread_in_native, id=16692, stack(0x00000030ee800000,0x00000030eed00000)]
  0x0000014348c1c800 JavaThread "Process Messages" [_thread_blocked, id=24948, stack(0x00000030ee300000,0x00000030ee800000)]
  0x0000014348d8d000 JavaThread "Thread-1" [_thread_in_native, id=14764, stack(0x00000030e7b00000,0x00000030e8f00000)]
  0x0000014345e53000 JavaThread "TimerQueue" daemon [_thread_blocked, id=976, stack(0x00000030ed400000,0x00000030ed900000)]
  0x0000014346016000 JavaThread "AWT-Windows" daemon [_thread_in_native, id=26956, stack(0x00000030ecf00000,0x00000030ed400000)]
  0x0000014346017800 JavaThread "AWT-Shutdown" [_thread_blocked, id=5204, stack(0x00000030eca00000,0x00000030ecf00000)]
  0x0000014345cc7800 JavaThread "Java2D Disposer" daemon [_thread_blocked, id=21308, stack(0x00000030ec500000,0x00000030eca00000)]
  0x00000143459e1000 JavaThread "Service Thread" daemon [_thread_blocked, id=7276, stack(0x00000030ebf00000,0x00000030ec400000)]
  0x000001432235e000 JavaThread "Common-Cleaner" daemon [_thread_blocked, id=12284, stack(0x00000030eba00000,0x00000030ebf00000)]
  0x00000143223f3000 JavaThread "Sweeper thread" daemon [_thread_blocked, id=17352, stack(0x00000030eb500000,0x00000030eba00000)]
  0x00000143223f2800 JavaThread "C1 CompilerThread2" daemon [_thread_blocked, id=5196, stack(0x00000030eb400000,0x00000030eb500000)]
  0x0000014324ae0000 JavaThread "C2 CompilerThread1" daemon [_thread_blocked, id=5692, stack(0x00000030eb300000,0x00000030eb400000)]
  0x0000014324adf800 JavaThread "C2 CompilerThread0" daemon [_thread_blocked, id=17264, stack(0x00000030eb200000,0x00000030eb300000)]
  0x0000014322dce000 JavaThread "Attach Listener" daemon [_thread_blocked, id=26700, stack(0x00000030ead00000,0x00000030eb200000)]
  0x00000143226e4800 JavaThread "Signal Dispatcher" daemon [_thread_blocked, id=16796, stack(0x00000030ea800000,0x00000030ead00000)]
  0x0000014325c22800 JavaThread "Finalizer" daemon [_thread_blocked, id=23392, stack(0x00000030ea300000,0x00000030ea800000)]
  0x0000014324734800 JavaThread "Reference Handler" daemon [_thread_blocked, id=19416, stack(0x00000030e9e00000,0x00000030ea300000)]
  0x0000014324c01800 JavaThread "main" [_thread_blocked, id=4792, stack(0x00000030e7a00000,0x00000030e7b00000)]

Other Threads:
  0x00000143228a9800 VMThread "VM Thread" [stack: 0x00000030e9d00000,0x00000030e9e00000] [id=9780]
  0x00000143459e2800 WatcherThread [stack: 0x00000030ec400000,0x00000030ec500000] [id=24376]
  0x0000014324c02000 GCTaskThread "GC Thread#0" [stack: 0x00000030e9200000,0x00000030e9300000] [id=17296]
  0x0000014324754000 GCTaskThread "GC Thread#1" [stack: 0x00000030e9300000,0x00000030e9400000] [id=22712]
  0x0000014324755000 GCTaskThread "GC Thread#2" [stack: 0x00000030e9400000,0x00000030e9500000] [id=23396]
  0x0000014324e32800 GCTaskThread "GC Thread#3" [stack: 0x00000030e9500000,0x00000030e9600000] [id=22436]
  0x0000014321503800 ConcurrentGCThread "G1 Main Marker" [stack: 0x00000030e9b00000,0x00000030e9c00000] [id=19268]
  0x0000014321504000 ConcurrentGCThread "G1 Marker#0" [stack: 0x00000030e9c00000,0x00000030e9d00000] [id=14300]
  0x0000014322719000 ConcurrentGCThread "G1 Refine#0" [stack: 0x00000030e9900000,0x00000030e9a00000] [id=11884]
  0x000001432271f800 ConcurrentGCThread "G1 Refine#1" [stack: 0x00000030e9800000,0x00000030e9900000] [id=9532]
  0x0000014322718800 ConcurrentGCThread "G1 Refine#2" [stack: 0x00000030e9700000,0x00000030e9800000] [id=22716]
  0x0000014324e33800 ConcurrentGCThread "G1 Refine#3" [stack: 0x00000030e9600000,0x00000030e9700000] [id=18104]
  0x0000014324818800 ConcurrentGCThread "G1 Young RemSet Sampling" [stack: 0x00000030e9a00000,0x00000030e9b00000] [id=27288]

Threads with active compile tasks:

VM state:not at safepoint (normal execution)

VM Mutex/Monitor currently owned by a thread: None

Heap address: 0x0000000700000000, size: 3072 MB, Compressed Oops mode: Zero based, Oop shift amount: 3
Narrow klass base: 0x0000000000000000, Narrow klass shift: 3
Compressed class space size: 1073741824 Address: 0x00000007c0000000

Heap:
 garbage-first heap   total 173056K, used 105161K [0x0000000700000000, 0x0000000700100548, 0x00000007c0000000)
  region size 1024K, 41 young (41984K), 1 survivors (1024K)
 Metaspace       used 76535K, capacity 82904K, committed 83028K, reserved 1120256K
  class space    used 10685K, capacity 11792K, committed 11860K, reserved 1048576K
Heap Regions: E=young(eden), S=young(survivor), O=old, HS=humongous(starts), HC=humongous(continues), CS=collection set, F=free, A=archive, TS=gc time stamp, AC=allocation context, TAMS=top-at-mark-start (previous, next)
|   0|0x0000000700000000, 0x00000007000f3720, 0x0000000700100000| 95%| O|  |TS  0|AC  0|TAMS 0x0000000700000000, 0x0000000700000000|
|   1|0x0000000700100000, 0x0000000700200000, 0x0000000700200000|100%|HS|  |TS  0|AC  0|TAMS 0x0000000700100000, 0x0000000700100000|
|   2|0x0000000700200000, 0x0000000700300000, 0x0000000700300000|100%|HC|  |TS  0|AC  0|TAMS 0x0000000700200000, 0x0000000700200000|
|   3|0x0000000700300000, 0x0000000700400000, 0x0000000700400000|100%|HS|  |TS  0|AC  0|TAMS 0x0000000700300000, 0x0000000700300000|
|   4|0x0000000700400000, 0x00000007004ffff8, 0x0000000700500000| 99%| O|  |TS  0|AC  0|TAMS 0x0000000700400000, 0x0000000700400000|
|   5|0x0000000700500000, 0x00000007005fffa8, 0x0000000700600000| 99%| O|  |TS  0|AC  0|TAMS 0x0000000700500000, 0x0000000700500000|
|   6|0x0000000700600000, 0x00000007006ffff0, 0x0000000700700000| 99%| O|  |TS  0|AC  0|TAMS 0x0000000700600000, 0x0000000700600000|
|   7|0x0000000700700000, 0x00000007007f9d68, 0x0000000700800000| 97%| O|  |TS  0|AC  0|TAMS 0x0000000700700000, 0x0000000700700000|
|   8|0x0000000700800000, 0x00000007008f2b68, 0x0000000700900000| 94%| O|  |TS  0|AC  0|TAMS 0x0000000700800000, 0x0000000700800000|
|   9|0x0000000700900000, 0x00000007009ff8f8, 0x0000000700a00000| 99%| O|  |TS  0|AC  0|TAMS 0x0000000700900000, 0x0000000700900000|
|  10|0x0000000700a00000, 0x0000000700ae46b8, 0x0000000700b00000| 89%| O|  |TS  0|AC  0|TAMS 0x0000000700a00000, 0x0000000700a00000|
|  11|0x0000000700b00000, 0x0000000700bef450, 0x0000000700c00000| 93%| O|  |TS  0|AC  0|TAMS 0x0000000700b00000, 0x0000000700b00000|
|  12|0x0000000700c00000, 0x0000000700cfce68, 0x0000000700d00000| 98%| O|  |TS  0|AC  0|TAMS 0x0000000700c00000, 0x0000000700c00000|
|  13|0x0000000700d00000, 0x0000000700dfe510, 0x0000000700e00000| 99%| O|  |TS  0|AC  0|TAMS 0x0000000700d00000, 0x0000000700d00000|
|  14|0x0000000700e00000, 0x0000000700effff8, 0x0000000700f00000| 99%| O|  |TS  0|AC  0|TAMS 0x0000000700e00000, 0x0000000700e00000|
|  15|0x0000000700f00000, 0x0000000700fffff8, 0x0000000701000000| 99%| O|  |TS  0|AC  0|TAMS 0x0000000700f00000, 0x0000000700f00000|
|  16|0x0000000701000000, 0x00000007010ffff8, 0x0000000701100000| 99%| O|  |TS  0|AC  0|TAMS 0x0000000701000000, 0x0000000701000000|
|  17|0x0000000701100000, 0x00000007011ffff0, 0x0000000701200000| 99%| O|  |TS  0|AC  0|TAMS 0x0000000701100000, 0x0000000701100000|
|  18|0x0000000701200000, 0x00000007012fccf8, 0x0000000701300000| 98%| O|  |TS  0|AC  0|TAMS 0x0000000701200000, 0x0000000701200000|
|  19|0x0000000701300000, 0x00000007013ffff0, 0x0000000701400000| 99%| O|  |TS  0|AC  0|TAMS 0x0000000701300000, 0x0000000701300000|
|  20|0x0000000701400000, 0x0000000701500000, 0x0000000701500000|100%| O|  |TS  0|AC  0|TAMS 0x0000000701400000, 0x0000000701400000|
|  21|0x0000000701500000, 0x00000007015ffd10, 0x0000000701600000| 99%| O|  |TS  0|AC  0|TAMS 0x0000000701500000, 0x0000000701500000|
|  22|0x0000000701600000, 0x00000007016fffd8, 0x0000000701700000| 99%| O|  |TS  0|AC  0|TAMS 0x0000000701600000, 0x0000000701600000|
|  23|0x0000000701700000, 0x00000007017ffff8, 0x0000000701800000| 99%| O|  |TS  0|AC  0|TAMS 0x0000000701700000, 0x0000000701700000|
|  24|0x0000000701800000, 0x0000000701900000, 0x0000000701900000|100%| O|  |TS  0|AC  0|TAMS 0x0000000701800000, 0x0000000701800000|
|  25|0x0000000701900000, 0x00000007019fffe8, 0x0000000701a00000| 99%| O|  |TS  0|AC  0|TAMS 0x0000000701900000, 0x0000000701900000|
|  26|0x0000000701a00000, 0x0000000701affd60, 0x0000000701b00000| 99%| O|  |TS  0|AC  0|TAMS 0x0000000701a00000, 0x0000000701a00000|
|  27|0x0000000701b00000, 0x0000000701bfffd8, 0x0000000701c00000| 99%| O|  |TS  0|AC  0|TAMS 0x0000000701b00000, 0x0000000701b00000|
|  28|0x0000000701c00000, 0x0000000701cffff0, 0x0000000701d00000| 99%| O|  |TS  0|AC  0|TAMS 0x0000000701c00000, 0x0000000701c00000|
|  29|0x0000000701d00000, 0x0000000701dfffd8, 0x0000000701e00000| 99%| O|  |TS  0|AC  0|TAMS 0x0000000701d00000, 0x0000000701d00000|
|  30|0x0000000701e00000, 0x0000000701f00000, 0x0000000701f00000|100%| O|  |TS  0|AC  0|TAMS 0x0000000701e00000, 0x0000000701e00000|
|  31|0x0000000701f00000, 0x0000000701ffffc0, 0x0000000702000000| 99%| O|  |TS  0|AC  0|TAMS 0x0000000701f00000, 0x0000000701f00000|
|  32|0x0000000702000000, 0x00000007020fff88, 0x0000000702100000| 99%| O|  |TS  0|AC  0|TAMS 0x0000000702000000, 0x0000000702000000|
|  33|0x0000000702100000, 0x00000007021ffff8, 0x0000000702200000| 99%| O|  |TS  0|AC  0|TAMS 0x0000000702100000, 0x0000000702100000|
|  34|0x0000000702200000, 0x00000007022fffb8, 0x0000000702300000| 99%| O|  |TS  0|AC  0|TAMS 0x0000000702200000, 0x0000000702200000|
|  35|0x0000000702300000, 0x00000007023ffff0, 0x0000000702400000| 99%| O|  |TS  0|AC  0|TAMS 0x0000000702300000, 0x0000000702300000|
|  36|0x0000000702400000, 0x00000007024ffd98, 0x0000000702500000| 99%| O|  |TS  0|AC  0|TAMS 0x0000000702400000, 0x0000000702400000|
|  37|0x0000000702500000, 0x00000007025fffe8, 0x0000000702600000| 99%| O|  |TS  0|AC  0|TAMS 0x0000000702500000, 0x0000000702500000|
|  38|0x0000000702600000, 0x00000007026ffe38, 0x0000000702700000| 99%| O|  |TS  0|AC  0|TAMS 0x0000000702600000, 0x0000000702600000|
|  39|0x0000000702700000, 0x00000007027ff618, 0x0000000702800000| 99%| O|  |TS  0|AC  0|TAMS 0x0000000702700000, 0x0000000702700000|
|  40|0x0000000702800000, 0x0000000702900000, 0x0000000702900000|100%|HS|  |TS  0|AC  0|TAMS 0x0000000702800000, 0x0000000702800000|
|  41|0x0000000702900000, 0x0000000702a00000, 0x0000000702a00000|100%|HC|  |TS  0|AC  0|TAMS 0x0000000702900000, 0x0000000702900000|
|  42|0x0000000702a00000, 0x0000000702b00000, 0x0000000702b00000|100%|HC|  |TS  0|AC  0|TAMS 0x0000000702a00000, 0x0000000702a00000|
|  43|0x0000000702b00000, 0x0000000702c00000, 0x0000000702c00000|100%|HC|  |TS  0|AC  0|TAMS 0x0000000702b00000, 0x0000000702b00000|
|  44|0x0000000702c00000, 0x0000000702d00000, 0x0000000702d00000|100%|HC|  |TS  0|AC  0|TAMS 0x0000000702c00000, 0x0000000702c00000|
|  45|0x0000000702d00000, 0x0000000702e00000, 0x0000000702e00000|100%|HC|  |TS  0|AC  0|TAMS 0x0000000702d00000, 0x0000000702d00000|
|  46|0x0000000702e00000, 0x0000000702f00000, 0x0000000702f00000|100%|HC|  |TS  0|AC  0|TAMS 0x0000000702e00000, 0x0000000702e00000|
|  47|0x0000000702f00000, 0x0000000703000000, 0x0000000703000000|100%|HC|  |TS  0|AC  0|TAMS 0x0000000702f00000, 0x0000000702f00000|
|  48|0x0000000703000000, 0x00000007030ffff8, 0x0000000703100000| 99%| O|  |TS  0|AC  0|TAMS 0x0000000703000000, 0x0000000703000000|
|  49|0x0000000703100000, 0x00000007031ffff8, 0x0000000703200000| 99%| O|  |TS  0|AC  0|TAMS 0x0000000703100000, 0x0000000703100000|
|  50|0x0000000703200000, 0x00000007032fffe8, 0x0000000703300000| 99%| O|  |TS  0|AC  0|TAMS 0x0000000703200000, 0x0000000703200000|
|  51|0x0000000703300000, 0x00000007033ffff8, 0x0000000703400000| 99%| O|  |TS  0|AC  0|TAMS 0x0000000703300000, 0x0000000703300000|
|  52|0x0000000703400000, 0x00000007034ffff8, 0x0000000703500000| 99%| O|  |TS  0|AC  0|TAMS 0x0000000703400000, 0x0000000703400000|
|  53|0x0000000703500000, 0x00000007035ffff8, 0x0000000703600000| 99%| O|  |TS  0|AC  0|TAMS 0x0000000703500000, 0x0000000703500000|
|  54|0x0000000703600000, 0x0000000703700000, 0x0000000703700000|100%| O|  |TS  0|AC  0|TAMS 0x0000000703600000, 0x0000000703600000|
|  55|0x0000000703700000, 0x00000007037fff60, 0x0000000703800000| 99%| O|  |TS  0|AC  0|TAMS 0x0000000703700000, 0x0000000703700000|
|  56|0x0000000703800000, 0x00000007038ffcd8, 0x0000000703900000| 99%| O|  |TS  0|AC  0|TAMS 0x0000000703800000, 0x0000000703800000|
|  57|0x0000000703900000, 0x00000007039fffb0, 0x0000000703a00000| 99%| O|  |TS  0|AC  0|TAMS 0x0000000703900000, 0x0000000703900000|
|  58|0x0000000703a00000, 0x0000000703affff8, 0x0000000703b00000| 99%| O|  |TS  0|AC  0|TAMS 0x0000000703a00000, 0x0000000703a00000|
|  59|0x0000000703b00000, 0x0000000703c00000, 0x0000000703c00000|100%| O|  |TS  0|AC  0|TAMS 0x0000000703b00000, 0x0000000703b00000|
|  60|0x0000000703c00000, 0x0000000703ce8840, 0x0000000703d00000| 90%| O|  |TS  0|AC  0|TAMS 0x0000000703c00000, 0x0000000703c00000|
|  61|0x0000000703d00000, 0x0000000703e00000, 0x0000000703e00000|100%| O|  |TS 45|AC  0|TAMS 0x0000000703d00000, 0x0000000703d00000|
|  62|0x0000000703e00000, 0x0000000703f00000, 0x0000000703f00000|100%| O|  |TS 61|AC  0|TAMS 0x0000000703e00000, 0x0000000703e00000|
|  63|0x0000000703f00000, 0x0000000703fa8c00, 0x0000000704000000| 65%| O|  |TS103|AC  0|TAMS 0x0000000703f00000, 0x0000000703f00000|
|  64|0x0000000704000000, 0x0000000704000000, 0x0000000704100000|  0%| F|  |TS  0|AC  0|TAMS 0x0000000704000000, 0x0000000704000000|
|  65|0x0000000704100000, 0x0000000704100000, 0x0000000704200000|  0%| F|  |TS  0|AC  0|TAMS 0x0000000704100000, 0x0000000704100000|
|  66|0x0000000704200000, 0x0000000704200000, 0x0000000704300000|  0%| F|  |TS  0|AC  0|TAMS 0x0000000704200000, 0x0000000704200000|
|  67|0x0000000704300000, 0x0000000704300000, 0x0000000704400000|  0%| F|  |TS  0|AC  0|TAMS 0x0000000704300000, 0x0000000704300000|
|  68|0x0000000704400000, 0x0000000704400000, 0x0000000704500000|  0%| F|  |TS  0|AC  0|TAMS 0x0000000704400000, 0x0000000704400000|
|  69|0x0000000704500000, 0x0000000704500000, 0x0000000704600000|  0%| F|  |TS  0|AC  0|TAMS 0x0000000704500000, 0x0000000704500000|
|  70|0x0000000704600000, 0x0000000704600000, 0x0000000704700000|  0%| F|  |TS  0|AC  0|TAMS 0x0000000704600000, 0x0000000704600000|
|  71|0x0000000704700000, 0x0000000704700000, 0x0000000704800000|  0%| F|  |TS  0|AC  0|TAMS 0x0000000704700000, 0x0000000704700000|
|  72|0x0000000704800000, 0x0000000704800000, 0x0000000704900000|  0%| F|  |TS  0|AC  0|TAMS 0x0000000704800000, 0x0000000704800000|
|  73|0x0000000704900000, 0x0000000704900000, 0x0000000704a00000|  0%| F|  |TS  0|AC  0|TAMS 0x0000000704900000, 0x0000000704900000|
|  74|0x0000000704a00000, 0x0000000704a00000, 0x0000000704b00000|  0%| F|  |TS  0|AC  0|TAMS 0x0000000704a00000, 0x0000000704a00000|
|  75|0x0000000704b00000, 0x0000000704b00000, 0x0000000704c00000|  0%| F|  |TS  0|AC  0|TAMS 0x0000000704b00000, 0x0000000704b00000|
|  76|0x0000000704c00000, 0x0000000704c00000, 0x0000000704d00000|  0%| F|  |TS  0|AC  0|TAMS 0x0000000704c00000, 0x0000000704c00000|
|  77|0x0000000704d00000, 0x0000000704d00000, 0x0000000704e00000|  0%| F|  |TS  0|AC  0|TAMS 0x0000000704d00000, 0x0000000704d00000|
|  78|0x0000000704e00000, 0x0000000704e00000, 0x0000000704f00000|  0%| F|  |TS  0|AC  0|TAMS 0x0000000704e00000, 0x0000000704e00000|
|  79|0x0000000704f00000, 0x0000000704f00000, 0x0000000705000000|  0%| F|  |TS  0|AC  0|TAMS 0x0000000704f00000, 0x0000000704f00000|
|  80|0x0000000705000000, 0x0000000705000000, 0x0000000705100000|  0%| F|  |TS  0|AC  0|TAMS 0x0000000705000000, 0x0000000705000000|
|  81|0x0000000705100000, 0x0000000705100000, 0x0000000705200000|  0%| F|  |TS  0|AC  0|TAMS 0x0000000705100000, 0x0000000705100000|
|  82|0x0000000705200000, 0x0000000705200000, 0x0000000705300000|  0%| F|  |TS  0|AC  0|TAMS 0x0000000705200000, 0x0000000705200000|
|  83|0x0000000705300000, 0x0000000705300000, 0x0000000705400000|  0%| F|  |TS  0|AC  0|TAMS 0x0000000705300000, 0x0000000705300000|
|  84|0x0000000705400000, 0x0000000705400000, 0x0000000705500000|  0%| F|  |TS  0|AC  0|TAMS 0x0000000705400000, 0x0000000705400000|
|  85|0x0000000705500000, 0x0000000705500000, 0x0000000705600000|  0%| F|  |TS  0|AC  0|TAMS 0x0000000705500000, 0x0000000705500000|
|  86|0x0000000705600000, 0x0000000705600000, 0x0000000705700000|  0%| F|  |TS  0|AC  0|TAMS 0x0000000705600000, 0x0000000705600000|
|  87|0x0000000705700000, 0x0000000705700000, 0x0000000705800000|  0%| F|  |TS  0|AC  0|TAMS 0x0000000705700000, 0x0000000705700000|
|  88|0x0000000705800000, 0x0000000705800000, 0x0000000705900000|  0%| F|  |TS  0|AC  0|TAMS 0x0000000705800000, 0x0000000705800000|
|  89|0x0000000705900000, 0x0000000705900000, 0x0000000705a00000|  0%| F|  |TS  0|AC  0|TAMS 0x0000000705900000, 0x0000000705900000|
|  90|0x0000000705a00000, 0x0000000705a00000, 0x0000000705b00000|  0%| F|  |TS  0|AC  0|TAMS 0x0000000705a00000, 0x0000000705a00000|
|  91|0x0000000705b00000, 0x0000000705b00000, 0x0000000705c00000|  0%| F|  |TS  0|AC  0|TAMS 0x0000000705b00000, 0x0000000705b00000|
|  92|0x0000000705c00000, 0x0000000705c00000, 0x0000000705d00000|  0%| F|  |TS  0|AC  0|TAMS 0x0000000705c00000, 0x0000000705c00000|
|  93|0x0000000705d00000, 0x0000000705d00000, 0x0000000705e00000|  0%| F|  |TS  0|AC  0|TAMS 0x0000000705d00000, 0x0000000705d00000|
|  94|0x0000000705e00000, 0x0000000705e00000, 0x0000000705f00000|  0%| F|  |TS  0|AC  0|TAMS 0x0000000705e00000, 0x0000000705e00000|
|  95|0x0000000705f00000, 0x0000000705f00000, 0x0000000706000000|  0%| F|  |TS  0|AC  0|TAMS 0x0000000705f00000, 0x0000000705f00000|
|  96|0x0000000706000000, 0x0000000706000000, 0x0000000706100000|  0%| F|  |TS  0|AC  0|TAMS 0x0000000706000000, 0x0000000706000000|
|  97|0x0000000706100000, 0x0000000706100000, 0x0000000706200000|  0%| F|  |TS  0|AC  0|TAMS 0x0000000706100000, 0x0000000706100000|
|  98|0x0000000706200000, 0x0000000706200000, 0x0000000706300000|  0%| F|  |TS  0|AC  0|TAMS 0x0000000706200000, 0x0000000706200000|
|  99|0x0000000706300000, 0x0000000706300000, 0x0000000706400000|  0%| F|  |TS  0|AC  0|TAMS 0x0000000706300000, 0x0000000706300000|
| 100|0x0000000706400000, 0x0000000706400000, 0x0000000706500000|  0%| F|  |TS  0|AC  0|TAMS 0x0000000706400000, 0x0000000706400000|
| 101|0x0000000706500000, 0x0000000706500000, 0x0000000706600000|  0%| F|  |TS  0|AC  0|TAMS 0x0000000706500000, 0x0000000706500000|
| 102|0x0000000706600000, 0x0000000706600000, 0x0000000706700000|  0%| F|  |TS  0|AC  0|TAMS 0x0000000706600000, 0x0000000706600000|
| 103|0x0000000706700000, 0x0000000706700000, 0x0000000706800000|  0%| F|  |TS  0|AC  0|TAMS 0x0000000706700000, 0x0000000706700000|
| 104|0x0000000706800000, 0x0000000706800000, 0x0000000706900000|  0%| F|  |TS  0|AC  0|TAMS 0x0000000706800000, 0x0000000706800000|
| 105|0x0000000706900000, 0x0000000706900000, 0x0000000706a00000|  0%| F|  |TS 21|AC  0|TAMS 0x0000000706900000, 0x0000000706900000|
| 106|0x0000000706a00000, 0x0000000706a00000, 0x0000000706b00000|  0%| F|  |TS 33|AC  0|TAMS 0x0000000706a00000, 0x0000000706a00000|
| 107|0x0000000706b00000, 0x0000000706b00000, 0x0000000706c00000|  0%| F|  |TS 61|AC  0|TAMS 0x0000000706b00000, 0x0000000706b00000|
| 108|0x0000000706c00000, 0x0000000706c77930, 0x0000000706d00000| 46%| S|CS|TS103|AC  0|TAMS 0x0000000706c00000, 0x0000000706c00000|
| 109|0x0000000706d00000, 0x0000000706d00000, 0x0000000706e00000|  0%| F|  |TS103|AC  0|TAMS 0x0000000706d00000, 0x0000000706d00000|
| 110|0x0000000706e00000, 0x0000000706e00000, 0x0000000706f00000|  0%| F|  |TS103|AC  0|TAMS 0x0000000706e00000, 0x0000000706e00000|
| 111|0x0000000706f00000, 0x0000000706f00000, 0x0000000707000000|  0%| F|  |TS103|AC  0|TAMS 0x0000000706f00000, 0x0000000706f00000|
| 112|0x0000000707000000, 0x0000000707000000, 0x0000000707100000|  0%| F|  |TS103|AC  0|TAMS 0x0000000707000000, 0x0000000707000000|
| 113|0x0000000707100000, 0x0000000707100000, 0x0000000707200000|  0%| F|  |TS103|AC  0|TAMS 0x0000000707100000, 0x0000000707100000|
| 114|0x0000000707200000, 0x0000000707200000, 0x0000000707300000|  0%| F|  |TS103|AC  0|TAMS 0x0000000707200000, 0x0000000707200000|
| 115|0x0000000707300000, 0x0000000707300000, 0x0000000707400000|  0%| F|  |TS103|AC  0|TAMS 0x0000000707300000, 0x0000000707300000|
| 116|0x0000000707400000, 0x0000000707400000, 0x0000000707500000|  0%| F|  |TS103|AC  0|TAMS 0x0000000707400000, 0x0000000707400000|
| 117|0x0000000707500000, 0x0000000707500000, 0x0000000707600000|  0%| F|  |TS103|AC  0|TAMS 0x0000000707500000, 0x0000000707500000|
| 118|0x0000000707600000, 0x0000000707600000, 0x0000000707700000|  0%| F|  |TS103|AC  0|TAMS 0x0000000707600000, 0x0000000707600000|
| 119|0x0000000707700000, 0x0000000707700000, 0x0000000707800000|  0%| F|  |TS103|AC  0|TAMS 0x0000000707700000, 0x0000000707700000|
| 120|0x0000000707800000, 0x0000000707800000, 0x0000000707900000|  0%| F|  |TS103|AC  0|TAMS 0x0000000707800000, 0x0000000707800000|
| 121|0x0000000707900000, 0x0000000707900000, 0x0000000707a00000|  0%| F|  |TS103|AC  0|TAMS 0x0000000707900000, 0x0000000707900000|
| 122|0x0000000707a00000, 0x0000000707a00000, 0x0000000707b00000|  0%| F|  |TS103|AC  0|TAMS 0x0000000707a00000, 0x0000000707a00000|
| 123|0x0000000707b00000, 0x0000000707b00000, 0x0000000707c00000|  0%| F|  |TS103|AC  0|TAMS 0x0000000707b00000, 0x0000000707b00000|
| 124|0x0000000707c00000, 0x0000000707c00000, 0x0000000707d00000|  0%| F|  |TS103|AC  0|TAMS 0x0000000707c00000, 0x0000000707c00000|
| 125|0x0000000707d00000, 0x0000000707d00000, 0x0000000707e00000|  0%| F|  |TS103|AC  0|TAMS 0x0000000707d00000, 0x0000000707d00000|
| 126|0x0000000707e00000, 0x0000000707e00000, 0x0000000707f00000|  0%| F|  |TS103|AC  0|TAMS 0x0000000707e00000, 0x0000000707e00000|
| 127|0x0000000707f00000, 0x0000000707f00000, 0x0000000708000000|  0%| F|  |TS103|AC  0|TAMS 0x0000000707f00000, 0x0000000707f00000|
| 128|0x0000000708000000, 0x0000000708000000, 0x0000000708100000|  0%| F|  |TS103|AC  0|TAMS 0x0000000708000000, 0x0000000708000000|
| 129|0x0000000708100000, 0x00000007081a6388, 0x0000000708200000| 64%| E|  |TS103|AC  0|TAMS 0x0000000708100000, 0x0000000708100000|
| 130|0x0000000708200000, 0x0000000708300000, 0x0000000708300000|100%| E|CS|TS103|AC  0|TAMS 0x0000000708200000, 0x0000000708200000|
| 131|0x0000000708300000, 0x0000000708400000, 0x0000000708400000|100%| E|CS|TS103|AC  0|TAMS 0x0000000708300000, 0x0000000708300000|
| 132|0x0000000708400000, 0x0000000708500000, 0x0000000708500000|100%| E|CS|TS103|AC  0|TAMS 0x0000000708400000, 0x0000000708400000|
| 133|0x0000000708500000, 0x0000000708600000, 0x0000000708600000|100%| E|CS|TS103|AC  0|TAMS 0x0000000708500000, 0x0000000708500000|
| 134|0x0000000708600000, 0x0000000708700000, 0x0000000708700000|100%| E|CS|TS103|AC  0|TAMS 0x0000000708600000, 0x0000000708600000|
| 135|0x0000000708700000, 0x0000000708800000, 0x0000000708800000|100%| E|CS|TS103|AC  0|TAMS 0x0000000708700000, 0x0000000708700000|
| 136|0x0000000708800000, 0x0000000708900000, 0x0000000708900000|100%| E|CS|TS103|AC  0|TAMS 0x0000000708800000, 0x0000000708800000|
| 137|0x0000000708900000, 0x0000000708a00000, 0x0000000708a00000|100%| E|CS|TS103|AC  0|TAMS 0x0000000708900000, 0x0000000708900000|
| 138|0x0000000708a00000, 0x0000000708b00000, 0x0000000708b00000|100%| E|CS|TS103|AC  0|TAMS 0x0000000708a00000, 0x0000000708a00000|
| 139|0x0000000708b00000, 0x0000000708c00000, 0x0000000708c00000|100%| E|CS|TS103|AC  0|TAMS 0x0000000708b00000, 0x0000000708b00000|
| 140|0x0000000708c00000, 0x0000000708d00000, 0x0000000708d00000|100%| E|CS|TS103|AC  0|TAMS 0x0000000708c00000, 0x0000000708c00000|
| 141|0x0000000708d00000, 0x0000000708e00000, 0x0000000708e00000|100%| E|CS|TS103|AC  0|TAMS 0x0000000708d00000, 0x0000000708d00000|
| 142|0x0000000708e00000, 0x0000000708f00000, 0x0000000708f00000|100%| E|CS|TS103|AC  0|TAMS 0x0000000708e00000, 0x0000000708e00000|
| 143|0x0000000708f00000, 0x0000000709000000, 0x0000000709000000|100%| E|CS|TS103|AC  0|TAMS 0x0000000708f00000, 0x0000000708f00000|
| 144|0x0000000709000000, 0x0000000709100000, 0x0000000709100000|100%| E|CS|TS103|AC  0|TAMS 0x0000000709000000, 0x0000000709000000|
| 145|0x0000000709100000, 0x0000000709200000, 0x0000000709200000|100%| E|CS|TS103|AC  0|TAMS 0x0000000709100000, 0x0000000709100000|
| 146|0x0000000709200000, 0x0000000709300000, 0x0000000709300000|100%| E|CS|TS103|AC  0|TAMS 0x0000000709200000, 0x0000000709200000|
| 147|0x0000000709300000, 0x0000000709400000, 0x0000000709400000|100%| E|CS|TS103|AC  0|TAMS 0x0000000709300000, 0x0000000709300000|
| 148|0x0000000709400000, 0x0000000709500000, 0x0000000709500000|100%| E|CS|TS103|AC  0|TAMS 0x0000000709400000, 0x0000000709400000|
| 149|0x0000000709500000, 0x0000000709600000, 0x0000000709600000|100%| E|CS|TS103|AC  0|TAMS 0x0000000709500000, 0x0000000709500000|
| 150|0x0000000709600000, 0x0000000709700000, 0x0000000709700000|100%| E|CS|TS103|AC  0|TAMS 0x0000000709600000, 0x0000000709600000|
| 151|0x0000000709700000, 0x0000000709800000, 0x0000000709800000|100%| E|CS|TS103|AC  0|TAMS 0x0000000709700000, 0x0000000709700000|
| 152|0x0000000709800000, 0x0000000709900000, 0x0000000709900000|100%| E|CS|TS103|AC  0|TAMS 0x0000000709800000, 0x0000000709800000|
| 153|0x0000000709900000, 0x0000000709a00000, 0x0000000709a00000|100%| E|CS|TS103|AC  0|TAMS 0x0000000709900000, 0x0000000709900000|
| 154|0x0000000709a00000, 0x0000000709b00000, 0x0000000709b00000|100%| E|CS|TS103|AC  0|TAMS 0x0000000709a00000, 0x0000000709a00000|
| 155|0x0000000709b00000, 0x0000000709c00000, 0x0000000709c00000|100%| E|CS|TS103|AC  0|TAMS 0x0000000709b00000, 0x0000000709b00000|
| 156|0x0000000709c00000, 0x0000000709d00000, 0x0000000709d00000|100%| E|CS|TS103|AC  0|TAMS 0x0000000709c00000, 0x0000000709c00000|
| 157|0x0000000709d00000, 0x0000000709e00000, 0x0000000709e00000|100%| E|CS|TS103|AC  0|TAMS 0x0000000709d00000, 0x0000000709d00000|
| 158|0x0000000709e00000, 0x0000000709f00000, 0x0000000709f00000|100%| E|CS|TS103|AC  0|TAMS 0x0000000709e00000, 0x0000000709e00000|
| 159|0x0000000709f00000, 0x000000070a000000, 0x000000070a000000|100%| E|CS|TS103|AC  0|TAMS 0x0000000709f00000, 0x0000000709f00000|
| 160|0x000000070a000000, 0x000000070a100000, 0x000000070a100000|100%| E|CS|TS103|AC  0|TAMS 0x000000070a000000, 0x000000070a000000|
| 161|0x000000070a100000, 0x000000070a200000, 0x000000070a200000|100%| E|CS|TS103|AC  0|TAMS 0x000000070a100000, 0x000000070a100000|
| 162|0x000000070a200000, 0x000000070a300000, 0x000000070a300000|100%| E|CS|TS103|AC  0|TAMS 0x000000070a200000, 0x000000070a200000|
| 163|0x000000070a300000, 0x000000070a400000, 0x000000070a400000|100%| E|CS|TS103|AC  0|TAMS 0x000000070a300000, 0x000000070a300000|
| 164|0x000000070a400000, 0x000000070a500000, 0x000000070a500000|100%| E|CS|TS103|AC  0|TAMS 0x000000070a400000, 0x000000070a400000|
| 165|0x000000070a500000, 0x000000070a600000, 0x000000070a600000|100%| E|CS|TS103|AC  0|TAMS 0x000000070a500000, 0x000000070a500000|
| 166|0x000000070a600000, 0x000000070a700000, 0x000000070a700000|100%| E|CS|TS103|AC  0|TAMS 0x000000070a600000, 0x000000070a600000|
| 167|0x000000070a700000, 0x000000070a800000, 0x000000070a800000|100%| E|CS|TS103|AC  0|TAMS 0x000000070a700000, 0x000000070a700000|
| 168|0x000000070a800000, 0x000000070a900000, 0x000000070a900000|100%| E|CS|TS103|AC  0|TAMS 0x000000070a800000, 0x000000070a800000|

Card table byte_map: [0x000001433c580000,0x000001433cb80000] byte_map_base: 0x0000014338d80000

Marking Bits (Prev, Next): (CMBitMap*) 0x0000014324819830, (CMBitMap*) 0x0000014324819868
 Prev Bits: [0x000001433d180000, 0x0000014340180000)
 Next Bits: [0x0000014340180000, 0x0000014343180000)

Polling page: 0x000001431dd40000

CodeHeap 'non-profiled nmethods': size=120064Kb used=19959Kb max_used=19959Kb free=100104Kb
 bounds [0x0000014334440000, 0x00000143357c0000, 0x000001433b980000]
CodeHeap 'profiled nmethods': size=120000Kb used=36915Kb max_used=37537Kb free=83084Kb
 bounds [0x000001432cf10000, 0x000001432f470000, 0x0000014334440000]
CodeHeap 'non-nmethods': size=5696Kb used=1753Kb max_used=1830Kb free=3942Kb
 bounds [0x000001432c980000, 0x000001432cbf0000, 0x000001432cf10000]
 total_blobs=27579 nmethods=14824 adapters=1070
 compilation: enabled

Compilation events (10 events):
Event: 313.543 Thread 0x00000143223f2800 18815       3       ui.utils.lnf.HSyntheticaJideTabbedPaneUI::getBorderColor (70 bytes)
Event: 313.543 Thread 0x00000143223f2800 nmethod 18815 0x000001432eaaa610 code [0x000001432eaaa8a0, 0x000001432eaab980]
Event: 313.558 Thread 0x00000143223f2800 18816       1       ui.utils.o.w.G::e (5 bytes)
Event: 313.558 Thread 0x00000143223f2800 nmethod 18816 0x00000143357bf010 code [0x00000143357bf1c0, 0x00000143357bf2b8]
Event: 313.558 Thread 0x0000014324adf800 18817       4       java.lang.WeakPairMap$Pair$Lookup::hashCode (12 bytes)
Event: 313.559 Thread 0x0000014324adf800 nmethod 18817 0x00000143357bf390 code [0x00000143357bf540, 0x00000143357bf658]
Event: 314.258 Thread 0x00000143223f2800 18818       3       javax.swing.Box::createRigidArea (11 bytes)
Event: 314.258 Thread 0x00000143223f2800 nmethod 18818 0x000001432ea7fc10 code [0x000001432ea7fe20, 0x000001432ea803c0]
Event: 314.269 Thread 0x0000014324ae0000 18819       4       ui.data.design.X::iu (5 bytes)
Event: 314.270 Thread 0x0000014324ae0000 nmethod 18819 0x00000143357bf790 code [0x00000143357bf920, 0x00000143357bf998]

GC Heap History (10 events):
Event: 291.085 GC heap before
{Heap before GC invocations=114 (full 2):
 garbage-first heap   total 173056K, used 125587K [0x0000000700000000, 0x0000000700100548, 0x00000007c0000000)
  region size 1024K, 60 young (61440K), 1 survivors (1024K)
 Metaspace       used 76476K, capacity 82834K, committed 83028K, reserved 1120256K
  class space    used 10680K, capacity 11791K, committed 11860K, reserved 1048576K
}
Event: 291.088 GC heap after
{Heap after GC invocations=115 (full 2):
 garbage-first heap   total 173056K, used 65201K [0x0000000700000000, 0x0000000700100548, 0x00000007c0000000)
  region size 1024K, 1 young (1024K), 1 survivors (1024K)
 Metaspace       used 76476K, capacity 82834K, committed 83028K, reserved 1120256K
  class space    used 10680K, capacity 11791K, committed 11860K, reserved 1048576K
}
Event: 294.234 GC heap before
{Heap before GC invocations=115 (full 2):
 garbage-first heap   total 173056K, used 125617K [0x0000000700000000, 0x0000000700100548, 0x00000007c0000000)
  region size 1024K, 60 young (61440K), 1 survivors (1024K)
 Metaspace       used 76476K, capacity 82834K, committed 83028K, reserved 1120256K
  class space    used 10680K, capacity 11791K, committed 11860K, reserved 1048576K
}
Event: 294.237 GC heap after
{Heap after GC invocations=116 (full 2):
 garbage-first heap   total 173056K, used 65163K [0x0000000700000000, 0x0000000700100548, 0x00000007c0000000)
  region size 1024K, 1 young (1024K), 1 survivors (1024K)
 Metaspace       used 76476K, capacity 82834K, committed 83028K, reserved 1120256K
  class space    used 10680K, capacity 11791K, committed 11860K, reserved 1048576K
}
Event: 294.868 GC heap before
{Heap before GC invocations=116 (full 2):
 garbage-first heap   total 173056K, used 125579K [0x0000000700000000, 0x0000000700100548, 0x00000007c0000000)
  region size 1024K, 60 young (61440K), 1 survivors (1024K)
 Metaspace       used 76476K, capacity 82834K, committed 83028K, reserved 1120256K
  class space    used 10680K, capacity 11791K, committed 11860K, reserved 1048576K
}
Event: 294.871 GC heap after
{Heap after GC invocations=117 (full 2):
 garbage-first heap   total 173056K, used 65179K [0x0000000700000000, 0x0000000700100548, 0x00000007c0000000)
  region size 1024K, 1 young (1024K), 1 survivors (1024K)
 Metaspace       used 76476K, capacity 82834K, committed 83028K, reserved 1120256K
  class space    used 10680K, capacity 11791K, committed 11860K, reserved 1048576K
}
Event: 296.600 GC heap before
{Heap before GC invocations=117 (full 2):
 garbage-first heap   total 173056K, used 125595K [0x0000000700000000, 0x0000000700100548, 0x00000007c0000000)
  region size 1024K, 60 young (61440K), 1 survivors (1024K)
 Metaspace       used 76526K, capacity 82898K, committed 83028K, reserved 1120256K
  class space    used 10684K, capacity 11791K, committed 11860K, reserved 1048576K
}
Event: 296.603 GC heap after
{Heap after GC invocations=118 (full 2):
 garbage-first heap   total 173056K, used 65350K [0x0000000700000000, 0x0000000700100548, 0x00000007c0000000)
  region size 1024K, 1 young (1024K), 1 survivors (1024K)
 Metaspace       used 76526K, capacity 82898K, committed 83028K, reserved 1120256K
  class space    used 10684K, capacity 11791K, committed 11860K, reserved 1048576K
}
Event: 312.644 GC heap before
{Heap before GC invocations=118 (full 2):
 garbage-first heap   total 173056K, used 125766K [0x0000000700000000, 0x0000000700100548, 0x00000007c0000000)
  region size 1024K, 60 young (61440K), 1 survivors (1024K)
 Metaspace       used 76530K, capacity 82904K, committed 83028K, reserved 1120256K
  class space    used 10684K, capacity 11792K, committed 11860K, reserved 1048576K
}
Event: 312.647 GC heap after
{Heap after GC invocations=119 (full 2):
 garbage-first heap   total 173056K, used 65225K [0x0000000700000000, 0x0000000700100548, 0x00000007c0000000)
  region size 1024K, 1 young (1024K), 1 survivors (1024K)
 Metaspace       used 76530K, capacity 82904K, committed 83028K, reserved 1120256K
  class space    used 10684K, capacity 11792K, committed 11860K, reserved 1048576K
}

Deoptimization events (10 events):
Event: 276.362 Thread 0x0000014346885000 Uncommon trap: reason=array_check action=maybe_recompile pc=0x0000014335746a50 method=javax.swing.SortingFocusTraversalPolicy.mergeSort([Ljava/lang/Object;[Ljava/lang/Object;IIILjava/util/Comparator;)V @ 251 c2
Event: 276.362 Thread 0x0000014346885000 Uncommon trap: reason=array_check action=maybe_recompile pc=0x0000014335746aa4 method=javax.swing.SortingFocusTraversalPolicy.mergeSort([Ljava/lang/Object;[Ljava/lang/Object;IIILjava/util/Comparator;)V @ 251 c2
Event: 289.491 Thread 0x0000014346885000 Uncommon trap: reason=array_check action=maybe_recompile pc=0x000001433576add0 method=javax.swing.SortingFocusTraversalPolicy.mergeSort([Ljava/lang/Object;[Ljava/lang/Object;IIILjava/util/Comparator;)V @ 76 c2
Event: 289.491 Thread 0x0000014346885000 Uncommon trap: reason=array_check action=maybe_recompile pc=0x000001433576a87c method=javax.swing.SortingFocusTraversalPolicy.mergeSort([Ljava/lang/Object;[Ljava/lang/Object;IIILjava/util/Comparator;)V @ 237 c2
Event: 289.492 Thread 0x0000014346885000 Uncommon trap: reason=array_check action=maybe_recompile pc=0x000001433576ae18 method=javax.swing.SortingFocusTraversalPolicy.mergeSort([Ljava/lang/Object;[Ljava/lang/Object;IIILjava/util/Comparator;)V @ 76 c2
Event: 289.492 Thread 0x0000014346885000 Uncommon trap: reason=array_check action=maybe_recompile pc=0x000001433576a8c0 method=javax.swing.SortingFocusTraversalPolicy.mergeSort([Ljava/lang/Object;[Ljava/lang/Object;IIILjava/util/Comparator;)V @ 237 c2
Event: 290.781 Thread 0x0000014346885000 Uncommon trap: reason=unstable_if action=reinterpret pc=0x000001433540c7b4 method=ui.utils.lnf.HSyntheticaJideTabbedPaneUI.getBorderColor()Ljava/awt/Color; @ 13 c2
Event: 290.785 Thread 0x0000014346885000 Uncommon trap: reason=unstable_if action=reinterpret pc=0x0000014335562c60 method=com.jidesoft.plaf.basic.BasicJideTabbedPaneUI.paintTab(Ljava/awt/Graphics;I[Ljava/awt/Rectangle;ILjava/awt/Rectangle;Ljava/awt/Rectangle;)V @ 676 c2
Event: 290.785 Thread 0x0000014346885000 Uncommon trap: reason=unstable_if action=reinterpret pc=0x00000143353f11d0 method=ui.utils.lnf.HSyntheticaJideTabbedPaneUI.paintText(Ljava/awt/Graphics;ILjava/awt/Font;Ljava/awt/FontMetrics;ILjava/lang/String;Ljava/awt/Rectangle;Z)V @ 399 c2
Event: 312.679 Thread 0x0000014346885000 Uncommon trap: reason=unstable_if action=reinterpret pc=0x0000014334a5f9e4 method=java.util.concurrent.locks.ReentrantLock$Sync.nonfairTryAcquire(I)Z @ 19 c2

Classes redefined (0 events):
No events

Internal exceptions (10 events):
Event: 250.409 Thread 0x0000014351bbf000 Exception <a 'java/lang/InterruptedException'{0x000000070a182608}: sleep interrupted> (0x000000070a182608) thrown at [t:/workspace/hotspot/src/share/vm/prims/jvm.cpp, line 2984]
Event: 251.262 Thread 0x000001434a577800 Exception <a 'java/lang/InterruptedException'{0x0000000709280840}: sleep interrupted> (0x0000000709280840) thrown at [t:/workspace/hotspot/src/share/vm/prims/jvm.cpp, line 3023]
Event: 259.507 Thread 0x000001434a576000 Exception <a 'java/lang/InterruptedException'{0x0000000709680840}: sleep interrupted> (0x0000000709680840) thrown at [t:/workspace/hotspot/src/share/vm/prims/jvm.cpp, line 3023]
Event: 261.432 Thread 0x000001434a578800 Exception <a 'java/lang/InterruptedException'{0x0000000707b81878}: sleep interrupted> (0x0000000707b81878) thrown at [t:/workspace/hotspot/src/share/vm/prims/jvm.cpp, line 3023]
Event: 264.585 Thread 0x0000014351bb6000 Exception <a 'java/lang/InterruptedException'{0x0000000709c00040}: sleep interrupted> (0x0000000709c00040) thrown at [t:/workspace/hotspot/src/share/vm/prims/jvm.cpp, line 3023]
Event: 277.777 Thread 0x0000014351bb8800 Exception <a 'java/lang/InterruptedException'{0x0000000707a95d88}: sleep interrupted> (0x0000000707a95d88) thrown at [t:/workspace/hotspot/src/share/vm/prims/jvm.cpp, line 3023]
Event: 278.562 Thread 0x0000014351bb5800 Exception <a 'java/lang/InterruptedException'{0x0000000709e8a688}: sleep interrupted> (0x0000000709e8a688) thrown at [t:/workspace/hotspot/src/share/vm/prims/jvm.cpp, line 3023]
Event: 289.496 Thread 0x0000014351bb4800 Exception <a 'java/lang/InterruptedException'{0x0000000708200040}: sleep interrupted> (0x0000000708200040) thrown at [t:/workspace/hotspot/src/share/vm/prims/jvm.cpp, line 3023]
Event: 290.037 Thread 0x0000014351bbb800 Exception <a 'java/lang/InterruptedException'{0x000000070a700040}: sleep interrupted> (0x000000070a700040) thrown at [t:/workspace/hotspot/src/share/vm/prims/jvm.cpp, line 3023]
Event: 290.726 Thread 0x0000014351bbc000 Exception <a 'java/lang/InterruptedException'{0x0000000709100040}: sleep interrupted> (0x0000000709100040) thrown at [t:/workspace/hotspot/src/share/vm/prims/jvm.cpp, line 3023]

Events (10 events):
Event: 313.183 loading class javax/swing/JTree$DropLocation
Event: 313.183 loading class javax/swing/JTree$DropLocation done
Event: 313.255 Thread 0x0000014351bb8800 Thread added: 0x0000014351bb8800
Event: 313.257 Thread 0x0000014351bb8800 Thread exited: 0x0000014351bb8800
Event: 313.760 Thread 0x0000014351bb6000 Thread added: 0x0000014351bb6000
Event: 313.762 Executing VM operation: RevokeBias
Event: 313.762 Executing VM operation: RevokeBias done
Event: 313.762 Thread 0x0000014351bb6000 Thread exited: 0x0000014351bb6000
Event: 314.291 Thread 0x0000014351bb2800 Thread added: 0x0000014351bb2800
Event: 314.293 Thread 0x0000014351bb2800 Thread exited: 0x0000014351bb2800


Dynamic libraries:
0x00007ff77e950000 - 0x00007ff77e980000 	C:\Xilinx\Vivado\2018.3\bin\unwrapped\win64.o\vivado.exe
0x00007ffb09e00000 - 0x00007ffb09ff0000 	C:\WINDOWS\SYSTEM32\ntdll.dll
0x00007ffb099d0000 - 0x00007ffb09a82000 	C:\WINDOWS\System32\KERNEL32.DLL
0x00007ffb07a30000 - 0x00007ffb07cd3000 	C:\WINDOWS\System32\KERNELBASE.dll
0x00007ffb07910000 - 0x00007ffb07a0a000 	C:\WINDOWS\System32\ucrtbase.dll
0x00007ffac99b0000 - 0x00007ffaca844000 	C:\Xilinx\Vivado\2018.3\lib\win64.o\librdi_common.dll
0x00007ffaf4580000 - 0x00007ffaf4594000 	C:\Xilinx\Vivado\2018.3\lib\win64.o\librdi_commonmain.dll
0x00007ffb09590000 - 0x00007ffb09724000 	C:\WINDOWS\System32\USER32.dll
0x00007ffb07e80000 - 0x00007ffb07ea1000 	C:\WINDOWS\System32\win32u.dll
0x00007ffb07ec0000 - 0x00007ffb07ee6000 	C:\WINDOWS\System32\GDI32.dll
0x00007ffaf45a0000 - 0x00007ffaf45b4000 	C:\Xilinx\Vivado\2018.3\lib\win64.o\libboost_signals.dll
0x00007ffaf6320000 - 0x00007ffaf63b9000 	C:\WINDOWS\SYSTEM32\MSVCP140.dll
0x00007ffb07ce0000 - 0x00007ffb07e74000 	C:\WINDOWS\System32\gdi32full.dll
0x00007ffb07620000 - 0x00007ffb076be000 	C:\WINDOWS\System32\msvcp_win.dll
0x00007ffaf63f0000 - 0x00007ffaf6407000 	C:\WINDOWS\SYSTEM32\VCRUNTIME140.dll
0x00007ffb09850000 - 0x00007ffb098f3000 	C:\WINDOWS\System32\ADVAPI32.dll
0x00007ffb08f20000 - 0x00007ffb08fbe000 	C:\WINDOWS\System32\msvcrt.dll
0x00007ffb09d20000 - 0x00007ffb09db7000 	C:\WINDOWS\System32\sechost.dll
0x00007ffb09730000 - 0x00007ffb09850000 	C:\WINDOWS\System32\RPCRT4.dll
0x00007ffacd580000 - 0x00007ffacd8ee000 	C:\Xilinx\Vivado\2018.3\lib\win64.o\libCOIN-all.dll
0x00007ffacd8f0000 - 0x00007ffacdba5000 	C:\Xilinx\Vivado\2018.3\lib\win64.o\libXil_lmgr11.dll
0x00007ffb087b0000 - 0x00007ffb08e95000 	C:\WINDOWS\System32\SHELL32.dll
0x00007ffb076c0000 - 0x00007ffb0770a000 	C:\WINDOWS\System32\cfgmgr32.dll
0x00007ffb094c0000 - 0x00007ffb09590000 	C:\WINDOWS\System32\COMDLG32.dll
0x00007ffb09a90000 - 0x00007ffb09b39000 	C:\WINDOWS\System32\shcore.dll
0x00007ffaf4510000 - 0x00007ffaf4524000 	C:\Xilinx\Vivado\2018.3\lib\win64.o\libboost_date_time.dll
0x00007ffb07f00000 - 0x00007ffb08236000 	C:\WINDOWS\System32\combase.dll
0x00007ffb07890000 - 0x00007ffb07910000 	C:\WINDOWS\System32\bcryptPrimitives.dll
0x00007ffb06d90000 - 0x00007ffb07510000 	C:\WINDOWS\System32\windows.storage.dll
0x00007ffb09970000 - 0x00007ffb099c2000 	C:\WINDOWS\System32\SHLWAPI.dll
0x00007ffb06d60000 - 0x00007ffb06d83000 	C:\WINDOWS\System32\profapi.dll
0x00007ffaeebe0000 - 0x00007ffaeec5f000 	C:\Xilinx\Vivado\2018.3\lib\win64.o\libboost_program_options.dll
0x00007ffb06d10000 - 0x00007ffb06d5a000 	C:\WINDOWS\System32\powrprof.dll
0x00007ffb06cc0000 - 0x00007ffb06cd0000 	C:\WINDOWS\System32\UMPDC.dll
0x00007ffb09c50000 - 0x00007ffb09d14000 	C:\WINDOWS\System32\OLEAUT32.dll
0x00007ffb06cd0000 - 0x00007ffb06ce1000 	C:\WINDOWS\System32\kernel.appcore.dll
0x00007ffb092b0000 - 0x00007ffb09407000 	C:\WINDOWS\System32\ole32.dll
0x00007ffb07a10000 - 0x00007ffb07a27000 	C:\WINDOWS\System32\cryptsp.dll
0x00007ffb09900000 - 0x00007ffb0996f000 	C:\WINDOWS\System32\WS2_32.dll
0x00007ffae73e0000 - 0x00007ffae74f4000 	C:\Xilinx\Vivado\2018.3\lib\win64.o\libboost_regex.dll
0x00007ffb07510000 - 0x00007ffb0756c000 	C:\WINDOWS\System32\WINTRUST.dll
0x00007ffb06cf0000 - 0x00007ffb06d02000 	C:\WINDOWS\System32\MSASN1.dll
0x00007ffb07710000 - 0x00007ffb07859000 	C:\WINDOWS\System32\CRYPT32.dll
0x00007ffaf4530000 - 0x00007ffaf453b000 	C:\Xilinx\Vivado\2018.3\lib\win64.o\libboost_system.dll
0x00007ffaeeef0000 - 0x00007ffaeef11000 	C:\Xilinx\Vivado\2018.3\lib\win64.o\libboost_thread.dll
0x00007ffaf1870000 - 0x00007ffaf187f000 	C:\Xilinx\Vivado\2018.3\lib\win64.o\libboost_xilinx.dll
0x00007ffaf4550000 - 0x00007ffaf4576000 	C:\Xilinx\Vivado\2018.3\lib\win64.o\libboost_filesystem.dll
0x00007ffaee7d0000 - 0x00007ffaee852000 	C:\Xilinx\Vivado\2018.3\lib\win64.o\libhdlpsolve.dll
0x00007ffad1480000 - 0x00007ffad1525000 	C:\Xilinx\Vivado\2018.3\lib\win64.o\libhdxml.dll
0x00007ffabf900000 - 0x00007ffac014e600 	C:\Xilinx\Vivado\2018.3\lib\win64.o\libisl_iostreams.dll
0x00007ffaee690000 - 0x00007ffaee6f5000 	C:\Xilinx\Vivado\2018.3\lib\win64.o\liblmx6.0.dll
0x00007ffaeeeb0000 - 0x00007ffaeeede000 	C:\Xilinx\Vivado\2018.3\lib\win64.o\libisl_sysinfo.dll
0x00007ffaef250000 - 0x00007ffaef26a000 	C:\Xilinx\Vivado\2018.3\lib\win64.o\pthreadVC2.dll
0x00007ffaee860000 - 0x00007ffaee981000 	C:\Xilinx\Vivado\2018.3\lib\win64.o\librdi_commonxillic.dll
0x00007ffaef210000 - 0x00007ffaef22c000 	C:\Xilinx\Vivado\2018.3\lib\win64.o\librdiconfig.dll
0x00007ffaeee10000 - 0x00007ffaeee31000 	C:\Xilinx\Vivado\2018.3\lib\win64.o\librdizlib.dll
0x000000005c840000 - 0x000000005c96b000 	C:\Xilinx\Vivado\2018.3\lib\win64.o\tcl85t.dll
0x00007ffaf4540000 - 0x00007ffaf454a000 	C:\Xilinx\Vivado\2018.3\lib\win64.o\librdi_commonversion.dll
0x0000000012000000 - 0x0000000012272000 	C:\Xilinx\Vivado\2018.3\lib\win64.o\xerces-c_3_1.dll
0x00007ffaf7a10000 - 0x00007ffaf7a27000 	C:\WINDOWS\SYSTEM32\NETAPI32.dll
0x00007ffaebd60000 - 0x00007ffaec235000 	C:\WINDOWS\SYSTEM32\WININET.dll
0x00007ffb00790000 - 0x00007ffb00880000 	C:\WINDOWS\SYSTEM32\WINHTTP.dll
0x00007ffafa7c0000 - 0x00007ffafa995000 	C:\WINDOWS\SYSTEM32\urlmon.dll
0x00007ffaea1f0000 - 0x00007ffaea299000 	C:\WINDOWS\WinSxS\amd64_microsoft.windows.common-controls_6595b64144ccf1df_5.82.18362.778_none_2a29d4a64667eb69\COMCTL32.dll
0x00007ffaea3a0000 - 0x00007ffaea3a9000 	C:\WINDOWS\SYSTEM32\WSOCK32.dll
0x00007ffaf6410000 - 0x00007ffaf6438000 	C:\WINDOWS\SYSTEM32\VCOMP140.DLL
0x00007ffac80e0000 - 0x00007ffac8f71000 	C:\Xilinx\Vivado\2018.3\lib\win64.o\gurobi65.dll
0x00007ffb024e0000 - 0x00007ffb024fc000 	C:\WINDOWS\SYSTEM32\dhcpcsvc.DLL
0x00007ffb07ef0000 - 0x00007ffb07ef8000 	C:\WINDOWS\System32\NSI.dll
0x00007ffaf0d70000 - 0x00007ffaf0d7d000 	C:\Xilinx\Vivado\2018.3\lib\win64.o\libboost_chrono.dll
0x00007ffaeed10000 - 0x00007ffaeed35000 	C:\Xilinx\Vivado\2018.3\lib\win64.o\libisl_iosutils.dll
0x00007ffafada0000 - 0x00007ffafb046000 	C:\WINDOWS\SYSTEM32\iertutil.dll
0x00007ffaeed40000 - 0x00007ffaeed5b000 	C:\Xilinx\Vivado\2018.3\lib\win64.o\libboost_iostreams.dll
0x00007ffb06700000 - 0x00007ffb0670c000 	C:\WINDOWS\SYSTEM32\CRYPTBASE.DLL
0x00007ffb06350000 - 0x00007ffb0635c000 	C:\WINDOWS\SYSTEM32\NETUTILS.DLL
0x00007ffb09430000 - 0x00007ffb0945e000 	C:\WINDOWS\System32\IMM32.DLL
0x00007ffabf400000 - 0x00007ffabf8f5000 	C:\Xilinx\Vivado\2018.3\lib\win64.o\librdi_commontasks.dll
0x00007ffb02e50000 - 0x00007ffb02e5a000 	C:\WINDOWS\SYSTEM32\VERSION.dll
0x000000005b560000 - 0x000000005bf85000 	C:\Xilinx\Vivado\2018.3\tps\win64\jre9.0.4\bin\server\jvm.dll
0x00007ffb07eb0000 - 0x00007ffb07eb8000 	C:\WINDOWS\System32\PSAPI.DLL
0x00007ffac9730000 - 0x00007ffac99af000 	C:\Xilinx\Vivado\2018.3\lib\win64.o\librdi_sio.dll
0x00007ffafdd30000 - 0x00007ffafdd54000 	C:\WINDOWS\SYSTEM32\WINMM.dll
0x00007ffad9bb0000 - 0x00007ffad9c9f000 	C:\WINDOWS\SYSTEM32\MSVCR120.dll
0x00007ffb06240000 - 0x00007ffb0627a000 	C:\WINDOWS\SYSTEM32\IPHLPAPI.DLL
0x00007ffafdd00000 - 0x00007ffafdd2d000 	C:\WINDOWS\SYSTEM32\WINMMBASE.dll
0x00007ffb06530000 - 0x00007ffb06597000 	C:\WINDOWS\SYSTEM32\MSWSOCK.DLL
0x00007ffa8d8b0000 - 0x00007ffa8fc72000 	C:\Xilinx\Vivado\2018.3\lib\win64.o\librdi_tcltasks.dll
0x00007ffabf020000 - 0x00007ffabf3fc000 	C:\Xilinx\Vivado\2018.3\lib\win64.o\librdi_bitstream.dll
0x00007ffaec800000 - 0x00007ffaec86a000 	C:\Xilinx\Vivado\2018.3\lib\win64.o\librdi_boarddep.dll
0x00007ffac7f60000 - 0x00007ffac80de000 	C:\Xilinx\Vivado\2018.3\lib\win64.o\librdi_board.dll
0x00007ffad13a0000 - 0x00007ffad147c000 	C:\Xilinx\Vivado\2018.3\lib\win64.o\librdi_chipscope.dll
0x00007ffabd710000 - 0x00007ffabf015000 	C:\Xilinx\Vivado\2018.3\lib\win64.o\librdi_constraints.dll
0x00007ffac7da0000 - 0x00007ffac7f59000 	C:\Xilinx\Vivado\2018.3\lib\win64.o\librdi_chipscopeimpl.dll
0x00007ffacd430000 - 0x00007ffacd578000 	C:\Xilinx\Vivado\2018.3\lib\win64.o\librdi_containers.dll
0x00007ffa823a0000 - 0x00007ffa8619b000 	C:\Xilinx\Vivado\2018.3\lib\win64.o\librdi_designutils.dll
0x00007ffabc520000 - 0x00007ffabcbfa000 	C:\Xilinx\Vivado\2018.3\lib\win64.o\librdi_coregenipxact.dll
0x00007ffa92930000 - 0x00007ffa9474f000 	C:\Xilinx\Vivado\2018.3\lib\win64.o\librdi_coregen.dll
0x00007ffabd3f0000 - 0x00007ffabd70b000 	C:\Xilinx\Vivado\2018.3\lib\win64.o\librdi_dlyest.dll
0x00007ffac9590000 - 0x00007ffac9652000 	C:\Xilinx\Vivado\2018.3\lib\win64.o\librdi_dsp.dll
0x00007ffab3e10000 - 0x00007ffab4370000 	C:\Xilinx\Vivado\2018.3\lib\win64.o\librdi_drc.dll
0x00007ffa71640000 - 0x00007ffa82392000 	C:\Xilinx\Vivado\2018.3\lib\win64.o\librdi_device.dll
0x00007ffab37d0000 - 0x00007ffab3e0f000 	C:\Xilinx\Vivado\2018.3\lib\win64.o\librdi_filemgmt.dll
0x00007ffabc240000 - 0x00007ffabc51a000 	C:\Xilinx\Vivado\2018.3\lib\win64.o\librdi_guitools.dll
0x00007ffaee590000 - 0x00007ffaee5ed000 	C:\Xilinx\Vivado\2018.3\lib\win64.o\librdi_hdf.dll
0x00007ffab31b0000 - 0x00007ffab37c5000 	C:\Xilinx\Vivado\2018.3\lib\win64.o\librdi_memdata.dll
0x00007ffac7d20000 - 0x00007ffac7d91000 	C:\Xilinx\Vivado\2018.3\lib\win64.o\librdi_memoryarray.dll
0x00007ffa6c8f0000 - 0x00007ffa7029c000 	C:\Xilinx\Vivado\2018.3\lib\win64.o\librdi_mig.dll
0x00007ffa702a0000 - 0x00007ffa71631000 	C:\Xilinx\Vivado\2018.3\lib\win64.o\librdi_implflow.dll
0x00007ffab2a10000 - 0x00007ffab304b000 	C:\Xilinx\Vivado\2018.3\lib\win64.o\librdi_netlist.dll
0x00007ffaec4d0000 - 0x00007ffaec520000 	C:\Xilinx\Vivado\2018.3\lib\win64.o\librdi_pfi.dll
0x00007ffa6a3d0000 - 0x00007ffa6c8e4000 	C:\Xilinx\Vivado\2018.3\lib\win64.o\librdi_place.dll
0x00007ffab4e40000 - 0x00007ffab5147000 	C:\Xilinx\Vivado\2018.3\lib\win64.o\librdi_platform.dll
0x00007ffab2140000 - 0x00007ffab2835000 	C:\Xilinx\Vivado\2018.3\lib\win64.o\librdi_power.dll
0x00007ffab19b0000 - 0x00007ffab1f06000 	C:\Xilinx\Vivado\2018.3\lib\win64.o\librdi_project.dll
0x00007ffaa9850000 - 0x00007ffaa9f43000 	C:\Xilinx\Vivado\2018.3\lib\win64.o\librdi_psta.dll
0x00007ffab15d0000 - 0x00007ffab19a7000 	C:\Xilinx\Vivado\2018.3\lib\win64.o\librdi_runs.dll
0x00007ffac0460000 - 0x00007ffac0538000 	C:\Xilinx\Vivado\2018.3\lib\win64.o\librdi_runsbase.dll
0x00007ffaa79f0000 - 0x00007ffaa80c9000 	C:\Xilinx\Vivado\2018.3\lib\win64.o\librdi_rsb.dll
0x00007ffab13a0000 - 0x00007ffab15c8000 	C:\Xilinx\Vivado\2018.3\lib\win64.o\librdi_simdata.dll
0x00007ffa69640000 - 0x00007ffa6a3cd000 	C:\Xilinx\Vivado\2018.3\lib\win64.o\librdi_timing.dll
0x00007ffabd290000 - 0x00007ffabd3e4000 	C:\Xilinx\Vivado\2018.3\lib\win64.o\librdi_advchipscopeimpl.dll
0x00007ffada460000 - 0x00007ffada4ac000 	C:\Xilinx\Vivado\2018.3\lib\win64.o\libboost_serialization.dll
0x00007ffabd1d0000 - 0x00007ffabd288000 	C:\Xilinx\Vivado\2018.3\lib\win64.o\librdi_hip_devdesign.dll
0x00007ffac6f10000 - 0x00007ffac6fbb000 	C:\Xilinx\Vivado\2018.3\lib\win64.o\librdi_ipconfig_readwrite.dll
0x00007ffae3c20000 - 0x00007ffae3c58000 	C:\Xilinx\Vivado\2018.3\lib\win64.o\librdi_noc_frameworks.dll
0x00007ffaa7630000 - 0x00007ffaa79e5000 	C:\Xilinx\Vivado\2018.3\lib\win64.o\librdi_hip_config.dll
0x00007ffa68af0000 - 0x00007ffa69637000 	C:\Xilinx\Vivado\2018.3\lib\win64.o\libverific.dll
0x00007ffaa5f60000 - 0x00007ffaa64ae000 	C:\Xilinx\Vivado\2018.3\lib\win64.o\librdi_xdm.dll

VM Arguments:
jvm_args: -Dsun.java2d.pmoffscreen=false -Dsun.java2d.xrender=false -Dsun.java2d.d3d=false -Dsun.awt.nopixfmt=true -Dsun.java2d.dpiaware=true -Dsun.java2d.uiScale.enabled=false -Xverify:none -Dswing.aatext=true -XX:-UsePerfData -Djdk.map.althashing.threshold=512 -XX:StringTableSize=4072 --add-opens=java.base/java.nio=ALL-UNNAMED --add-opens=java.desktop/sun.swing=ALL-UNNAMED --add-opens=java.desktop/javax.swing=ALL-UNNAMED --add-opens=java.desktop/javax.swing.tree=ALL-UNNAMED --add-opens=java.desktop/javax.swing.plaf.basic=ALL-UNNAMED --add-opens=java.desktop/javax.swing.plaf.synth=ALL-UNNAMED --add-opens=java.desktop/com.sun.awt=ALL-UNNAMED -XX:NewSize=60m -XX:MaxNewSize=60m -Xms128m -Xmx3072m -Xss5m 
java_command: <unknown>
java_class_path (initial): C:/Xilinx/Vivado/2018.3\lib\classes\alloy.jar;C:/Xilinx/Vivado/2018.3\lib\classes\autopilot.scelaborator.jar;C:/Xilinx/Vivado/2018.3\lib\classes\autopilot.sourceprocessor.jar;C:/Xilinx/Vivado/2018.3\lib\classes\autopilot.tbprocessor.jar;C:/Xilinx/Vivado/2018.3\lib\classes\batik-anim.jar;C:/Xilinx/Vivado/2018.3\lib\classes\batik-awt-util.jar;C:/Xilinx/Vivado/2018.3\lib\classes\batik-bridge.jar;C:/Xilinx/Vivado/2018.3\lib\classes\batik-codec.jar;C:/Xilinx/Vivado/2018.3\lib\classes\batik-css.jar;C:/Xilinx/Vivado/2018.3\lib\classes\batik-dom.jar;C:/Xilinx/Vivado/2018.3\lib\classes\batik-ext.jar;C:/Xilinx/Vivado/2018.3\lib\classes\batik-gui-util.jar;C:/Xilinx/Vivado/2018.3\lib\classes\batik-gvt.jar;C:/Xilinx/Vivado/2018.3\lib\classes\batik-parser.jar;C:/Xilinx/Vivado/2018.3\lib\classes\batik-script.jar;C:/Xilinx/Vivado/2018.3\lib\classes\batik-svg-dom.jar;C:/Xilinx/Vivado/2018.3\lib\classes\batik-swing.jar;C:/Xilinx/Vivado/2018.3\lib\classes\batik-transcoder.jar;C:/Xilinx/Vivado/2018.3\lib\classes\batik-util.jar;C:/Xilinx/Vivado/2018.3\lib\classes\batik-xml.jar;C:/Xilinx/Vivado/2018.3\lib\classes\com.ibm.icu_4.4.2.v20110208.jar;C:/Xilinx/Vivado/2018.3\lib\classes\commons-collections4-4.1.jar;C:/Xilinx/Vivado/2018.3\lib\classes\commons-math-2.2.jar;C:/Xilinx/Vivado/2018.3\lib\classes\dom4j-1.6.1.jar;C:/Xilinx/Vivado/2018.3\lib\classes\guava-18.0.jar;C:/Xilinx/Vivado/2018.3\lib\classes\help.jar;C:/Xilinx/Vivado/2018.3\lib\classes\hsqldb.jar;C:/Xilinx/Vivado/2018.3\lib\classes\jargs.jar;C:/Xilinx/Vivado/2018.3\lib\classes\jaxb-api-2.3.0.jar;C:/Xilinx/Vivado/2018.3\lib\classes\jh.jar;C:/Xilinx/Vivado/2018.3\lib\classes\jide-action.jar;C:/Xilinx/Vivado/2018.3\lib\classes\jide-charts.jar;C:/Xilinx/Vivado/2018.3\lib\classes\jide-common.jar;C:/Xilinx/Vivado/2018.3\lib\classes\jide-components.jar;C:/Xilinx/Vivado/2018.3\lib\classes\jide-dashboard.jar;C:/Xilinx/Vivado/2018.3\lib\classes\jide-data.jar;C:/Xilinx/Vivado/2018.3\lib\classes\jide-dialogs.jar
Launcher Type: generic

Logging:
Log output configuration:
#0: stdout all=warning uptime,level,tags
#1: stderr all=off uptime,level,tags

Environment Variables:
PATH=C:/Xilinx/Vivado/2018.3/bin;C:/Xilinx/Vivado/2018.3/lib/win64.o;C:/Xilinx/Vivado/2018.3/tps/win64/jre9.0.4/bin/server;C:/Xilinx/Vivado/2018.3/tps/win64/jre9.0.4/bin;C:/Xilinx/SDK/2018.3/bin;C:/Xilinx/Vivado/2018.3/ids_lite/ISE/bin/nt64;C:/Xilinx/Vivado/2018.3/ids_lite/ISE/lib/nt64;c:\programdata\oracle\java\javapath;c:\program files (x86)\razer chroma sdk\bin;c:\program files\razer chroma sdk\bin;c:\windows\system32;c:\windows;c:\windows\system32\wbem;c:\windows\system32\windowspowershell\v1.0\;C:\Program Files (x86)\NVIDIA Corporation\PhysX\Common;C:\WINDOWS\System32\OpenSSH\;C:\Program Files\Microsoft VS Code\bin;C:\Program Files\dotnet\;C:\Program Files\NVIDIA Corporation\NVIDIA NvDLISR;C:\Program Files (x86)\Gpg4win\..\GnuPG\bin;C:\Program Files\MATLAB\R2019a\bin;C:\Program Files\Microsoft SQL Server\120\Tools\Binn\;C:\Python37\Scripts\;C:\Python37\;C:\Users\PikesPlace\AppData\Local\Microsoft\WindowsApps;C:\Users\PikesPlace\AppData\Local\atom\bin;C:\Program Files (x86)\FAHClient;C:/Xilinx/Vivado/2018.3\tps\mingw\6.2.0\win64.o\nt\bin;C:/Xilinx/Vivado/2018.3\tps\mingw\6.2.0\win64.o\nt\libexec\gcc\x86_64-w64-mingw32\6.2.0
USERNAME=PikesPlace
OS=Windows_NT
PROCESSOR_IDENTIFIER=Intel64 Family 6 Model 60 Stepping 3, GenuineIntel



---------------  S Y S T E M  ---------------

OS: Windows 10 , 64 bit Build 18362 (10.0.18362.778)

CPU:total 4 (initial active 4) (4 cores per cpu, 1 threads per core) family 6 model 60 stepping 3, cmov, cx8, fxsr, mmx, sse, sse2, sse3, ssse3, sse4.1, sse4.2, popcnt, avx, avx2, aes, clmul, erms, lzcnt, tsc, tscinvbit, bmi1, bmi2, fma

Memory: 4k page, physical 16624996k(7241240k free), swap 33402212k(13513828k free)

vm_info: Java HotSpot(TM) 64-Bit Server VM (9.0.4+11) for windows-amd64 JRE (9.0.4+11), built on Dec 20 2017 02:18:54 by "mach5one" with MS VC++ 12.0 (VS2013)

END.
