#-----------------------------------------------------------
# Vivado v2018.3 (64-bit)
# SW Build 2405991 on Thu Dec  6 23:38:27 MST 2018
# IP Build 2404404 on Fri Dec  7 01:43:56 MST 2018
# Start of session at: Mon Apr 13 15:46:46 2020
# Process ID: 2648
# Current directory: C:/Users/PikesPlace/Documents/HW5
# Command line: vivado.exe -gui_launcher_event rodinguilauncherevent19460 C:\Users\PikesPlace\Documents\HW5\HW5.xpr
# Log file: C:/Users/PikesPlace/Documents/HW5/vivado.log
# Journal file: C:/Users/PikesPlace/Documents/HW5\vivado.jou
#-----------------------------------------------------------
start_gui
open_project C:/Users/PikesPlace/Documents/HW5/HW5.xpr
Scanning sources...
Finished scanning sources
INFO: [IP_Flow 19-234] Refreshing IP repositories
INFO: [IP_Flow 19-1704] No user IP repositories specified
INFO: [IP_Flow 19-2313] Loaded Vivado IP repository 'C:/Xilinx/Vivado/2018.3/data/ip'.
open_project: Time (s): cpu = 00:00:11 ; elapsed = 00:00:07 . Memory (MB): peak = 676.250 ; gain = 83.141
update_compile_order -fileset sources_1
exit
INFO: [Common 17-206] Exiting Vivado at Mon Apr 13 15:47:39 2020...
