#-----------------------------------------------------------
# Vivado v2018.3 (64-bit)
# SW Build 2405991 on Thu Dec  6 23:38:27 MST 2018
# IP Build 2404404 on Fri Dec  7 01:43:56 MST 2018
# Start of session at: Wed Apr 15 11:34:12 2020
# Process ID: 16016
# Current directory: C:/Users/PikesPlace/Documents/BWard_HW6_ECE_4375/HW6
# Command line: vivado.exe -gui_launcher_event rodinguilauncherevent22020 C:\Users\PikesPlace\Documents\BWard_HW6_ECE_4375\HW6\HW5.xpr
# Log file: C:/Users/PikesPlace/Documents/BWard_HW6_ECE_4375/HW6/vivado.log
# Journal file: C:/Users/PikesPlace/Documents/BWard_HW6_ECE_4375/HW6\vivado.jou
#-----------------------------------------------------------
start_gui
open_project C:/Users/PikesPlace/Documents/BWard_HW6_ECE_4375/HW6/HW5.xpr
INFO: [Project 1-313] Project file moved from 'C:/Users/PikesPlace/Documents/BWard_HW5_ECE_4375/HW5' since last save.
Scanning sources...
Finished scanning sources
INFO: [IP_Flow 19-234] Refreshing IP repositories
INFO: [IP_Flow 19-1704] No user IP repositories specified
INFO: [IP_Flow 19-2313] Loaded Vivado IP repository 'C:/Xilinx/Vivado/2018.3/data/ip'.
open_project: Time (s): cpu = 00:00:11 ; elapsed = 00:00:05 . Memory (MB): peak = 718.961 ; gain = 128.723
update_compile_order -fileset sources_1
exit
