#-----------------------------------------------------------
# Vivado v2018.3 (64-bit)
# SW Build 2405991 on Thu Dec  6 23:38:27 MST 2018
# IP Build 2404404 on Fri Dec  7 01:43:56 MST 2018
# Start of session at: Fri Apr 24 04:22:50 2020
# Process ID: 19412
# Current directory: C:/Users/PikesPlace/Documents/BWard_HW6_ECE_4375/HW6
# Command line: vivado.exe -gui_launcher_event rodinguilauncherevent9448 C:\Users\PikesPlace\Documents\BWard_HW6_ECE_4375\HW6\HW5.xpr
# Log file: C:/Users/PikesPlace/Documents/BWard_HW6_ECE_4375/HW6/vivado.log
# Journal file: C:/Users/PikesPlace/Documents/BWard_HW6_ECE_4375/HW6\vivado.jou
#-----------------------------------------------------------
start_gui
open_project C:/Users/PikesPlace/Documents/BWard_HW6_ECE_4375/HW6/HW5.xpr
Scanning sources...
Finished scanning sources
INFO: [IP_Flow 19-234] Refreshing IP repositories
INFO: [IP_Flow 19-1704] No user IP repositories specified
INFO: [IP_Flow 19-2313] Loaded Vivado IP repository 'C:/Xilinx/Vivado/2018.3/data/ip'.
update_compile_order -fileset sources_1
WARNING: [filemgmt 56-199] Attempt to get parsing info during refresh. "On-the-fly" syntax checking information may be incorrect. [C:/Users/PikesPlace/Documents/BWard_HW6_ECE_4375/HW6/HW5.srcs/sources_1/new/TOP_SECT.v:]
WARNING: [filemgmt 56-199] Attempt to get parsing info during refresh. "On-the-fly" syntax checking information may be incorrect. [C:/Users/PikesPlace/Documents/BWard_HW6_ECE_4375/HW6/HW5.srcs/sources_1/new/Instruction_Mem.v:]
WARNING: [filemgmt 56-199] Attempt to get parsing info during refresh. "On-the-fly" syntax checking information may be incorrect. [C:/Users/PikesPlace/Documents/BWard_HW6_ECE_4375/HW6/HW5.srcs/sources_1/new/Data_mem.v:]
WARNING: [filemgmt 56-199] Attempt to get parsing info during refresh. "On-the-fly" syntax checking information may be incorrect. [C:/Users/PikesPlace/Documents/BWard_HW6_ECE_4375/HW6/HW5.srcs/sources_1/new/DOF_SECT.v:]
WARNING: [filemgmt 56-199] Attempt to get parsing info during refresh. "On-the-fly" syntax checking information may be incorrect. [C:/Users/PikesPlace/Documents/BWard_HW6_ECE_4375/HW6/HW5.srcs/sources_1/new/EX_SECT.v:]
WARNING: [filemgmt 56-199] Attempt to get parsing info during refresh. "On-the-fly" syntax checking information may be incorrect. [C:/Users/PikesPlace/Documents/BWard_HW6_ECE_4375/HW6/HW5.srcs/sources_1/new/WB_SECT.v:]
WARNING: [filemgmt 56-199] Attempt to get parsing info during refresh. "On-the-fly" syntax checking information may be incorrect. [C:/Users/PikesPlace/Documents/BWard_HW6_ECE_4375/HW6/HW5.srcs/sources_1/new/Register_file.v:]
WARNING: [filemgmt 56-199] Attempt to get parsing info during refresh. "On-the-fly" syntax checking information may be incorrect. [C:/Users/PikesPlace/Documents/BWard_HW6_ECE_4375/HW6/HW5.srcs/sources_1/new/IF_SECT.v:]
WARNING: [filemgmt 56-199] Attempt to get parsing info during refresh. "On-the-fly" syntax checking information may be incorrect. [C:/Users/PikesPlace/Documents/BWard_HW6_ECE_4375/HW6/HW5.srcs/sources_1/new/RISC_CPU_PIPELINE.v:]
WARNING: [filemgmt 56-199] Attempt to get parsing info during refresh. "On-the-fly" syntax checking information may be incorrect. [C:/Users/PikesPlace/Documents/BWard_HW6_ECE_4375/HW6/HW5.srcs/sources_1/new/MUX_C.v:]
WARNING: [filemgmt 56-199] Attempt to get parsing info during refresh. "On-the-fly" syntax checking information may be incorrect. [C:/Users/PikesPlace/Documents/BWard_HW6_ECE_4375/HW6/HW5.srcs/sources_1/new/Adder.v:]
WARNING: [filemgmt 56-199] Attempt to get parsing info during refresh. "On-the-fly" syntax checking information may be incorrect. [C:/Users/PikesPlace/Documents/BWard_HW6_ECE_4375/HW6/HW5.srcs/sources_1/new/DOF_MUX.v:]
WARNING: [filemgmt 56-199] Attempt to get parsing info during refresh. "On-the-fly" syntax checking information may be incorrect. [C:/Users/PikesPlace/Documents/BWard_HW6_ECE_4375/HW6/HW5.srcs/sources_1/new/Instruction_Dec.v:]
WARNING: [filemgmt 56-199] Attempt to get parsing info during refresh. "On-the-fly" syntax checking information may be incorrect. [C:/Users/PikesPlace/Documents/BWard_HW6_ECE_4375/HW6/HW5.srcs/sources_1/new/Constant_unit.v:]
WARNING: [filemgmt 56-199] Attempt to get parsing info during refresh. "On-the-fly" syntax checking information may be incorrect. [C:/Users/PikesPlace/Documents/BWard_HW6_ECE_4375/HW6/HW5.srcs/sources_1/new/ALU.v:]
ERROR: [Common 17-180] Spawn failed: No error
set_property is_enabled false [get_files  C:/Users/PikesPlace/Documents/BWard_HW6_ECE_4375/HW6/HW5.srcs/sources_1/new/TOP_SECT.v]
update_compile_order -fileset sources_1
close [ open C:/Users/PikesPlace/Documents/BWard_HW6_ECE_4375/HW6/HW5.srcs/sources_1/new/MUXC_SECT.v w ]
add_files C:/Users/PikesPlace/Documents/BWard_HW6_ECE_4375/HW6/HW5.srcs/sources_1/new/MUXC_SECT.v
update_compile_order -fileset sources_1
update_compile_order -fileset sources_1
