#-----------------------------------------------------------
# Vivado v2018.3 (64-bit)
# SW Build 2405991 on Thu Dec  6 23:38:27 MST 2018
# IP Build 2404404 on Fri Dec  7 01:43:56 MST 2018
# Start of session at: Wed Feb 19 07:29:33 2020
# Process ID: 15744
# Current directory: C:/Users/bradw/Documents/BWard_HW3
# Command line: vivado.exe -gui_launcher_event rodinguilauncherevent26860 C:\Users\bradw\Documents\BWard_HW3\BWard_HW3.xpr
# Log file: C:/Users/bradw/Documents/BWard_HW3/vivado.log
# Journal file: C:/Users/bradw/Documents/BWard_HW3\vivado.jou
#-----------------------------------------------------------
start_gui
open_project C:/Users/bradw/Documents/BWard_HW3/BWard_HW3.xpr
Scanning sources...
Finished scanning sources
INFO: [IP_Flow 19-234] Refreshing IP repositories
INFO: [IP_Flow 19-1704] No user IP repositories specified
INFO: [IP_Flow 19-2313] Loaded Vivado IP repository 'C:/Xilinx/Vivado/2018.3/data/ip'.
open_project: Time (s): cpu = 00:00:19 ; elapsed = 00:00:08 . Memory (MB): peak = 692.805 ; gain = 83.355
update_compile_order -fileset sources_1
exit
INFO: [Common 17-206] Exiting Vivado at Wed Feb 19 07:35:55 2020...
